DEBUG [2014-04-06 22:48:26,911] edu.sjsu.cmpe.library.LibraryService: library-a - Queue name is /queue/38622.book.orders. Topic name is /topic/38622.book.*
INFO  [2014-04-06 22:48:26,913] edu.sjsu.cmpe.library.LibraryService: library-a - Queue name is /queue/38622.book.orders. Topic name is /topic/38622.book.*
DEBUG [2014-04-06 22:48:27,170] edu.sjsu.cmpe.library.LibraryService: library-a - Apollo user name  is admin
DEBUG [2014-04-06 22:48:27,170] edu.sjsu.cmpe.library.LibraryService: library-a - Apollo password   is password
DEBUG [2014-04-06 22:48:27,170] edu.sjsu.cmpe.library.LibraryService: library-a - Apollo host name   is 54.215.133.131
DEBUG [2014-04-06 22:48:27,170] edu.sjsu.cmpe.library.LibraryService: library-a - Apollo port   is 61613
WARN  [2014-04-06 22:48:27,310] com.yammer.dropwizard.config.ServerFactory: 
!!!!!!!!!!!!!!!!!!!!!!!!!!!!!!!!!!!!!!!!!!!!!!!!!!!!!!!!!!!!!!!!!!!!!!!!!!!!!!!!
!!!!!!!!!!!!!!!!!!!!!!!!!!!!!!!!!!!!!!!!!!!!!!!!!!!!!!!!!!!!!!!!!!!!!!!!!!!!!!!!
!    THIS SERVICE HAS NO HEALTHCHECKS. THIS MEANS YOU WILL NEVER KNOW IF IT    !
!    DIES IN PRODUCTION, WHICH MEANS YOU WILL NEVER KNOW IF YOU'RE LETTING     !
!     YOUR USERS DOWN. YOU SHOULD ADD A HEALTHCHECK FOR EACH DEPENDENCY OF     !
!     YOUR SERVICE WHICH FULLY (BUT LIGHTLY) TESTS YOUR SERVICE'S ABILITY TO   !
!      USE THAT SERVICE. THINK OF IT AS A CONTINUOUS INTEGRATION TEST.         !
!!!!!!!!!!!!!!!!!!!!!!!!!!!!!!!!!!!!!!!!!!!!!!!!!!!!!!!!!!!!!!!!!!!!!!!!!!!!!!!!
!!!!!!!!!!!!!!!!!!!!!!!!!!!!!!!!!!!!!!!!!!!!!!!!!!!!!!!!!!!!!!!!!!!!!!!!!!!!!!!!
INFO  [2014-04-06 22:48:27,388] com.yammer.dropwizard.cli.ServerCommand: Starting library-service
INFO  [2014-04-06 22:48:27,391] org.eclipse.jetty.server.Server: jetty-8.1.10.v20130312
INFO  [2014-04-06 22:48:27,533] com.sun.jersey.server.impl.application.WebApplicationImpl: Initiating Jersey application, version 'Jersey: 1.17.1 02/28/2013 12:47 PM'
INFO  [2014-04-06 22:48:27,714] com.yammer.dropwizard.config.Environment: The following paths were found for the configured resources:

    DELETE  /library/v1/books/{isbn} (edu.sjsu.cmpe.library.api.resources.BookResource)
    GET     /library/v1/books/ (edu.sjsu.cmpe.library.api.resources.BookResource)
    GET     /library/v1/books/{isbn} (edu.sjsu.cmpe.library.api.resources.BookResource)
    POST    /library/v1/books (edu.sjsu.cmpe.library.api.resources.BookResource)
    PUT     /library/v1/books/{isbn} (edu.sjsu.cmpe.library.api.resources.BookResource)
    GET     /library/ (edu.sjsu.cmpe.library.ui.resources.HomeResource)
    GET     /library/v1/ (edu.sjsu.cmpe.library.api.resources.RootResource)

INFO  [2014-04-06 22:48:27,714] com.yammer.dropwizard.config.Environment: tasks = 

    POST    /tasks/gc (com.yammer.dropwizard.tasks.GarbageCollectionTask)

WARN  [2014-04-06 22:48:28,026] com.sun.jersey.spi.inject.Errors: The following warnings have been detected with resource and/or provider classes:
  WARNING: A sub-resource method, public edu.sjsu.cmpe.library.dto.BooksDto edu.sjsu.cmpe.library.api.resources.BookResource.getAllBooks(), with URI template, "/", is treated as a resource method
INFO  [2014-04-06 22:48:28,031] org.eclipse.jetty.server.AbstractConnector: Started InstrumentedBlockingChannelConnector@0.0.0.0:8001
INFO  [2014-04-06 22:48:28,033] org.eclipse.jetty.server.AbstractConnector: Started SocketConnector@0.0.0.0:9001
DEBUG [2014-04-06 22:53:50,134] edu.sjsu.cmpe.library.LibraryService: library-a - Queue name is /queue/38622.book.orders. Topic name is /topic/38622.book.*
INFO  [2014-04-06 22:53:50,136] edu.sjsu.cmpe.library.LibraryService: library-a - Queue name is /queue/38622.book.orders. Topic name is /topic/38622.book.*
DEBUG [2014-04-06 22:53:50,314] edu.sjsu.cmpe.library.LibraryService: library-a - Apollo user name  is admin
DEBUG [2014-04-06 22:53:50,314] edu.sjsu.cmpe.library.LibraryService: library-a - Apollo password   is password
DEBUG [2014-04-06 22:53:50,314] edu.sjsu.cmpe.library.LibraryService: library-a - Apollo host name   is 54.215.133.131
DEBUG [2014-04-06 22:53:50,314] edu.sjsu.cmpe.library.LibraryService: library-a - Apollo port   is 61613
DEBUG [2014-04-06 22:55:30,309] edu.sjsu.cmpe.library.LibraryService: library-a - Queue name is /queue/38622.book.orders. Topic name is /topic/38622.book.*
INFO  [2014-04-06 22:55:30,311] edu.sjsu.cmpe.library.LibraryService: library-a - Queue name is /queue/38622.book.orders. Topic name is /topic/38622.book.*
DEBUG [2014-04-06 22:55:30,491] edu.sjsu.cmpe.library.LibraryService: library-a - Apollo user name  is admin
DEBUG [2014-04-06 22:55:30,491] edu.sjsu.cmpe.library.LibraryService: library-a - Apollo password   is password
DEBUG [2014-04-06 22:55:30,491] edu.sjsu.cmpe.library.LibraryService: library-a - Apollo host name   is 54.215.133.131
DEBUG [2014-04-06 22:55:30,491] edu.sjsu.cmpe.library.LibraryService: library-a - Apollo port   is 61613
DEBUG [2014-04-06 23:01:13,972] edu.sjsu.cmpe.library.LibraryService: library-a - Queue name is /queue/38622.book.orders. Topic name is /topic/38622.book.*
INFO  [2014-04-06 23:01:13,974] edu.sjsu.cmpe.library.LibraryService: library-a - Queue name is /queue/38622.book.orders. Topic name is /topic/38622.book.*
DEBUG [2014-04-06 23:01:14,188] edu.sjsu.cmpe.library.LibraryService: library-a - Apollo user name  is admin
DEBUG [2014-04-06 23:01:14,188] edu.sjsu.cmpe.library.LibraryService: library-a - Apollo password   is password
DEBUG [2014-04-06 23:01:14,188] edu.sjsu.cmpe.library.LibraryService: library-a - Apollo host name   is 54.215.133.131
DEBUG [2014-04-06 23:01:14,189] edu.sjsu.cmpe.library.LibraryService: library-a - Apollo port   is 61613
DEBUG [2014-04-06 23:06:19,277] edu.sjsu.cmpe.library.LibraryService: library-a - Queue name is /queue/38622.book.orders. Topic name is /topic/38622.book.*
INFO  [2014-04-06 23:06:19,280] edu.sjsu.cmpe.library.LibraryService: library-a - Queue name is /queue/38622.book.orders. Topic name is /topic/38622.book.*
DEBUG [2014-04-06 23:06:19,462] edu.sjsu.cmpe.library.LibraryService: library-a - Apollo user name  is admin
DEBUG [2014-04-06 23:06:19,462] edu.sjsu.cmpe.library.LibraryService: library-a - Apollo password   is password
DEBUG [2014-04-06 23:06:19,462] edu.sjsu.cmpe.library.LibraryService: library-a - Apollo host name   is 54.215.133.131
DEBUG [2014-04-06 23:06:19,462] edu.sjsu.cmpe.library.LibraryService: library-a - Apollo port   is 61613
WARN  [2014-04-06 23:06:19,481] com.yammer.dropwizard.config.ServerFactory: 
!!!!!!!!!!!!!!!!!!!!!!!!!!!!!!!!!!!!!!!!!!!!!!!!!!!!!!!!!!!!!!!!!!!!!!!!!!!!!!!!
!!!!!!!!!!!!!!!!!!!!!!!!!!!!!!!!!!!!!!!!!!!!!!!!!!!!!!!!!!!!!!!!!!!!!!!!!!!!!!!!
!    THIS SERVICE HAS NO HEALTHCHECKS. THIS MEANS YOU WILL NEVER KNOW IF IT    !
!    DIES IN PRODUCTION, WHICH MEANS YOU WILL NEVER KNOW IF YOU'RE LETTING     !
!     YOUR USERS DOWN. YOU SHOULD ADD A HEALTHCHECK FOR EACH DEPENDENCY OF     !
!     YOUR SERVICE WHICH FULLY (BUT LIGHTLY) TESTS YOUR SERVICE'S ABILITY TO   !
!      USE THAT SERVICE. THINK OF IT AS A CONTINUOUS INTEGRATION TEST.         !
!!!!!!!!!!!!!!!!!!!!!!!!!!!!!!!!!!!!!!!!!!!!!!!!!!!!!!!!!!!!!!!!!!!!!!!!!!!!!!!!
!!!!!!!!!!!!!!!!!!!!!!!!!!!!!!!!!!!!!!!!!!!!!!!!!!!!!!!!!!!!!!!!!!!!!!!!!!!!!!!!
INFO  [2014-04-06 23:06:19,553] com.yammer.dropwizard.cli.ServerCommand: Starting library-service
INFO  [2014-04-06 23:06:19,555] org.eclipse.jetty.server.Server: jetty-8.1.10.v20130312
INFO  [2014-04-06 23:06:19,648] com.sun.jersey.server.impl.application.WebApplicationImpl: Initiating Jersey application, version 'Jersey: 1.17.1 02/28/2013 12:47 PM'
INFO  [2014-04-06 23:06:19,724] com.yammer.dropwizard.config.Environment: The following paths were found for the configured resources:

    DELETE  /library/v1/books/{isbn} (edu.sjsu.cmpe.library.api.resources.BookResource)
    GET     /library/v1/books/ (edu.sjsu.cmpe.library.api.resources.BookResource)
    GET     /library/v1/books/{isbn} (edu.sjsu.cmpe.library.api.resources.BookResource)
    POST    /library/v1/books (edu.sjsu.cmpe.library.api.resources.BookResource)
    PUT     /library/v1/books/{isbn} (edu.sjsu.cmpe.library.api.resources.BookResource)
    GET     /library/ (edu.sjsu.cmpe.library.ui.resources.HomeResource)
    GET     /library/v1/ (edu.sjsu.cmpe.library.api.resources.RootResource)

INFO  [2014-04-06 23:06:19,724] com.yammer.dropwizard.config.Environment: tasks = 

    POST    /tasks/gc (com.yammer.dropwizard.tasks.GarbageCollectionTask)

WARN  [2014-04-06 23:06:20,000] com.sun.jersey.spi.inject.Errors: The following warnings have been detected with resource and/or provider classes:
  WARNING: A sub-resource method, public edu.sjsu.cmpe.library.dto.BooksDto edu.sjsu.cmpe.library.api.resources.BookResource.getAllBooks(), with URI template, "/", is treated as a resource method
INFO  [2014-04-06 23:06:20,005] org.eclipse.jetty.server.AbstractConnector: Started InstrumentedBlockingChannelConnector@0.0.0.0:8001
INFO  [2014-04-06 23:06:20,008] org.eclipse.jetty.server.AbstractConnector: Started SocketConnector@0.0.0.0:9001
DEBUG [2014-04-06 23:09:31,676] edu.sjsu.cmpe.library.LibraryService: library-a - Queue name is /queue/38622.book.orders. Topic name is /topic/38622.book.*
INFO  [2014-04-06 23:09:31,678] edu.sjsu.cmpe.library.LibraryService: library-a - Queue name is /queue/38622.book.orders. Topic name is /topic/38622.book.*
DEBUG [2014-04-06 23:09:32,238] edu.sjsu.cmpe.library.LibraryService: library-a - Apollo user name  is admin
DEBUG [2014-04-06 23:09:32,239] edu.sjsu.cmpe.library.LibraryService: library-a - Apollo password   is password
DEBUG [2014-04-06 23:09:32,239] edu.sjsu.cmpe.library.LibraryService: library-a - Apollo host name   is 54.215.133.131
DEBUG [2014-04-06 23:09:32,239] edu.sjsu.cmpe.library.LibraryService: library-a - Apollo port   is 61613
WARN  [2014-04-06 23:09:32,258] com.yammer.dropwizard.config.ServerFactory: 
!!!!!!!!!!!!!!!!!!!!!!!!!!!!!!!!!!!!!!!!!!!!!!!!!!!!!!!!!!!!!!!!!!!!!!!!!!!!!!!!
!!!!!!!!!!!!!!!!!!!!!!!!!!!!!!!!!!!!!!!!!!!!!!!!!!!!!!!!!!!!!!!!!!!!!!!!!!!!!!!!
!    THIS SERVICE HAS NO HEALTHCHECKS. THIS MEANS YOU WILL NEVER KNOW IF IT    !
!    DIES IN PRODUCTION, WHICH MEANS YOU WILL NEVER KNOW IF YOU'RE LETTING     !
!     YOUR USERS DOWN. YOU SHOULD ADD A HEALTHCHECK FOR EACH DEPENDENCY OF     !
!     YOUR SERVICE WHICH FULLY (BUT LIGHTLY) TESTS YOUR SERVICE'S ABILITY TO   !
!      USE THAT SERVICE. THINK OF IT AS A CONTINUOUS INTEGRATION TEST.         !
!!!!!!!!!!!!!!!!!!!!!!!!!!!!!!!!!!!!!!!!!!!!!!!!!!!!!!!!!!!!!!!!!!!!!!!!!!!!!!!!
!!!!!!!!!!!!!!!!!!!!!!!!!!!!!!!!!!!!!!!!!!!!!!!!!!!!!!!!!!!!!!!!!!!!!!!!!!!!!!!!
INFO  [2014-04-06 23:09:32,361] com.yammer.dropwizard.cli.ServerCommand: Starting library-service
INFO  [2014-04-06 23:09:32,364] org.eclipse.jetty.server.Server: jetty-8.1.10.v20130312
INFO  [2014-04-06 23:09:32,461] com.sun.jersey.server.impl.application.WebApplicationImpl: Initiating Jersey application, version 'Jersey: 1.17.1 02/28/2013 12:47 PM'
INFO  [2014-04-06 23:09:32,534] com.yammer.dropwizard.config.Environment: The following paths were found for the configured resources:

    DELETE  /library/v1/books/{isbn} (edu.sjsu.cmpe.library.api.resources.BookResource)
    GET     /library/v1/books/ (edu.sjsu.cmpe.library.api.resources.BookResource)
    GET     /library/v1/books/{isbn} (edu.sjsu.cmpe.library.api.resources.BookResource)
    POST    /library/v1/books (edu.sjsu.cmpe.library.api.resources.BookResource)
    PUT     /library/v1/books/{isbn} (edu.sjsu.cmpe.library.api.resources.BookResource)
    GET     /library/ (edu.sjsu.cmpe.library.ui.resources.HomeResource)
    GET     /library/v1/ (edu.sjsu.cmpe.library.api.resources.RootResource)

INFO  [2014-04-06 23:09:32,534] com.yammer.dropwizard.config.Environment: tasks = 

    POST    /tasks/gc (com.yammer.dropwizard.tasks.GarbageCollectionTask)

WARN  [2014-04-06 23:09:32,810] com.sun.jersey.spi.inject.Errors: The following warnings have been detected with resource and/or provider classes:
  WARNING: A sub-resource method, public edu.sjsu.cmpe.library.dto.BooksDto edu.sjsu.cmpe.library.api.resources.BookResource.getAllBooks(), with URI template, "/", is treated as a resource method
INFO  [2014-04-06 23:09:32,818] org.eclipse.jetty.server.AbstractConnector: Started InstrumentedBlockingChannelConnector@0.0.0.0:8001
INFO  [2014-04-06 23:09:32,820] org.eclipse.jetty.server.AbstractConnector: Started SocketConnector@0.0.0.0:9001
DEBUG [2014-04-06 23:11:34,129] edu.sjsu.cmpe.library.LibraryService: library-a - Queue name is /queue/38622.book.orders. Topic name is /topic/38622.book.*
INFO  [2014-04-06 23:11:34,131] edu.sjsu.cmpe.library.LibraryService: library-a - Queue name is /queue/38622.book.orders. Topic name is /topic/38622.book.*
DEBUG [2014-04-06 23:11:34,344] edu.sjsu.cmpe.library.LibraryService: library-a - Apollo user name  is admin
DEBUG [2014-04-06 23:11:34,344] edu.sjsu.cmpe.library.LibraryService: library-a - Apollo password   is password
DEBUG [2014-04-06 23:11:34,344] edu.sjsu.cmpe.library.LibraryService: library-a - Apollo host name   is 54.215.133.131
DEBUG [2014-04-06 23:11:34,344] edu.sjsu.cmpe.library.LibraryService: library-a - Apollo port   is 61613
WARN  [2014-04-06 23:11:34,364] com.yammer.dropwizard.config.ServerFactory: 
!!!!!!!!!!!!!!!!!!!!!!!!!!!!!!!!!!!!!!!!!!!!!!!!!!!!!!!!!!!!!!!!!!!!!!!!!!!!!!!!
!!!!!!!!!!!!!!!!!!!!!!!!!!!!!!!!!!!!!!!!!!!!!!!!!!!!!!!!!!!!!!!!!!!!!!!!!!!!!!!!
!    THIS SERVICE HAS NO HEALTHCHECKS. THIS MEANS YOU WILL NEVER KNOW IF IT    !
!    DIES IN PRODUCTION, WHICH MEANS YOU WILL NEVER KNOW IF YOU'RE LETTING     !
!     YOUR USERS DOWN. YOU SHOULD ADD A HEALTHCHECK FOR EACH DEPENDENCY OF     !
!     YOUR SERVICE WHICH FULLY (BUT LIGHTLY) TESTS YOUR SERVICE'S ABILITY TO   !
!      USE THAT SERVICE. THINK OF IT AS A CONTINUOUS INTEGRATION TEST.         !
!!!!!!!!!!!!!!!!!!!!!!!!!!!!!!!!!!!!!!!!!!!!!!!!!!!!!!!!!!!!!!!!!!!!!!!!!!!!!!!!
!!!!!!!!!!!!!!!!!!!!!!!!!!!!!!!!!!!!!!!!!!!!!!!!!!!!!!!!!!!!!!!!!!!!!!!!!!!!!!!!
INFO  [2014-04-06 23:11:34,438] com.yammer.dropwizard.cli.ServerCommand: Starting library-service
INFO  [2014-04-06 23:11:34,439] org.eclipse.jetty.server.Server: jetty-8.1.10.v20130312
INFO  [2014-04-06 23:11:34,532] com.sun.jersey.server.impl.application.WebApplicationImpl: Initiating Jersey application, version 'Jersey: 1.17.1 02/28/2013 12:47 PM'
INFO  [2014-04-06 23:11:34,604] com.yammer.dropwizard.config.Environment: The following paths were found for the configured resources:

    DELETE  /library/v1/books/{isbn} (edu.sjsu.cmpe.library.api.resources.BookResource)
    GET     /library/v1/books/ (edu.sjsu.cmpe.library.api.resources.BookResource)
    GET     /library/v1/books/{isbn} (edu.sjsu.cmpe.library.api.resources.BookResource)
    POST    /library/v1/books (edu.sjsu.cmpe.library.api.resources.BookResource)
    PUT     /library/v1/books/{isbn} (edu.sjsu.cmpe.library.api.resources.BookResource)
    GET     /library/ (edu.sjsu.cmpe.library.ui.resources.HomeResource)
    GET     /library/v1/ (edu.sjsu.cmpe.library.api.resources.RootResource)

INFO  [2014-04-06 23:11:34,604] com.yammer.dropwizard.config.Environment: tasks = 

    POST    /tasks/gc (com.yammer.dropwizard.tasks.GarbageCollectionTask)

WARN  [2014-04-06 23:11:34,878] com.sun.jersey.spi.inject.Errors: The following warnings have been detected with resource and/or provider classes:
  WARNING: A sub-resource method, public edu.sjsu.cmpe.library.dto.BooksDto edu.sjsu.cmpe.library.api.resources.BookResource.getAllBooks(), with URI template, "/", is treated as a resource method
WARN  [2014-04-06 23:11:34,890] org.eclipse.jetty.util.component.AbstractLifeCycle: FAILED InstrumentedBlockingChannelConnector@0.0.0.0:8001: java.net.BindException: Address already in use: bind
! java.net.BindException: Address already in use: bind
! at sun.nio.ch.Net.bind0(Native Method) ~[na:1.7.0_21]
! at sun.nio.ch.Net.bind(Net.java:344) ~[na:1.7.0_21]
! at sun.nio.ch.Net.bind(Net.java:336) ~[na:1.7.0_21]
! at sun.nio.ch.ServerSocketChannelImpl.bind(ServerSocketChannelImpl.java:199) ~[na:1.7.0_21]
! at sun.nio.ch.ServerSocketAdaptor.bind(ServerSocketAdaptor.java:74) ~[na:1.7.0_21]
! at org.eclipse.jetty.server.nio.BlockingChannelConnector.open(BlockingChannelConnector.java:127) ~[jetty-server-8.1.10.v20130312.jar:8.1.10.v20130312]
! at org.eclipse.jetty.server.AbstractConnector.doStart(AbstractConnector.java:316) ~[jetty-server-8.1.10.v20130312.jar:8.1.10.v20130312]
! at org.eclipse.jetty.server.nio.BlockingChannelConnector.doStart(BlockingChannelConnector.java:85) ~[jetty-server-8.1.10.v20130312.jar:8.1.10.v20130312]
! at org.eclipse.jetty.util.component.AbstractLifeCycle.start(AbstractLifeCycle.java:64) [jetty-util-8.1.10.v20130312.jar:8.1.10.v20130312]
! at org.eclipse.jetty.server.Server.doStart(Server.java:291) [jetty-server-8.1.10.v20130312.jar:8.1.10.v20130312]
! at org.eclipse.jetty.util.component.AbstractLifeCycle.start(AbstractLifeCycle.java:64) [jetty-util-8.1.10.v20130312.jar:8.1.10.v20130312]
! at com.yammer.dropwizard.cli.ServerCommand.run(ServerCommand.java:48) [dropwizard-core-0.6.2.jar:na]
! at com.yammer.dropwizard.cli.EnvironmentCommand.run(EnvironmentCommand.java:39) [dropwizard-core-0.6.2.jar:na]
! at com.yammer.dropwizard.cli.ConfiguredCommand.run(ConfiguredCommand.java:58) [dropwizard-core-0.6.2.jar:na]
! at com.yammer.dropwizard.cli.Cli.run(Cli.java:53) [dropwizard-core-0.6.2.jar:na]
! at com.yammer.dropwizard.Service.run(Service.java:61) [dropwizard-core-0.6.2.jar:na]
! at edu.sjsu.cmpe.library.LibraryService.main(LibraryService.java:28) [classes/:na]
WARN  [2014-04-06 23:11:34,891] org.eclipse.jetty.util.component.AbstractLifeCycle: FAILED SocketConnector@0.0.0.0:9001: java.net.BindException: Address already in use: JVM_Bind
! java.net.BindException: Address already in use: JVM_Bind
! at java.net.DualStackPlainSocketImpl.bind0(Native Method) ~[na:1.7.0_21]
! at java.net.DualStackPlainSocketImpl.socketBind(DualStackPlainSocketImpl.java:96) ~[na:1.7.0_21]
! at java.net.AbstractPlainSocketImpl.bind(AbstractPlainSocketImpl.java:376) ~[na:1.7.0_21]
! at java.net.PlainSocketImpl.bind(PlainSocketImpl.java:175) ~[na:1.7.0_21]
! at java.net.ServerSocket.bind(ServerSocket.java:376) ~[na:1.7.0_21]
! at java.net.ServerSocket.<init>(ServerSocket.java:237) ~[na:1.7.0_21]
! at java.net.ServerSocket.<init>(ServerSocket.java:181) ~[na:1.7.0_21]
! at org.eclipse.jetty.server.bio.SocketConnector.newServerSocket(SocketConnector.java:96) ~[jetty-server-8.1.10.v20130312.jar:8.1.10.v20130312]
! at org.eclipse.jetty.server.bio.SocketConnector.open(SocketConnector.java:85) ~[jetty-server-8.1.10.v20130312.jar:8.1.10.v20130312]
! at org.eclipse.jetty.server.AbstractConnector.doStart(AbstractConnector.java:316) ~[jetty-server-8.1.10.v20130312.jar:8.1.10.v20130312]
! at org.eclipse.jetty.server.bio.SocketConnector.doStart(SocketConnector.java:156) ~[jetty-server-8.1.10.v20130312.jar:8.1.10.v20130312]
! at org.eclipse.jetty.util.component.AbstractLifeCycle.start(AbstractLifeCycle.java:64) [jetty-util-8.1.10.v20130312.jar:8.1.10.v20130312]
! at org.eclipse.jetty.server.Server.doStart(Server.java:291) [jetty-server-8.1.10.v20130312.jar:8.1.10.v20130312]
! at org.eclipse.jetty.util.component.AbstractLifeCycle.start(AbstractLifeCycle.java:64) [jetty-util-8.1.10.v20130312.jar:8.1.10.v20130312]
! at com.yammer.dropwizard.cli.ServerCommand.run(ServerCommand.java:48) [dropwizard-core-0.6.2.jar:na]
! at com.yammer.dropwizard.cli.EnvironmentCommand.run(EnvironmentCommand.java:39) [dropwizard-core-0.6.2.jar:na]
! at com.yammer.dropwizard.cli.ConfiguredCommand.run(ConfiguredCommand.java:58) [dropwizard-core-0.6.2.jar:na]
! at com.yammer.dropwizard.cli.Cli.run(Cli.java:53) [dropwizard-core-0.6.2.jar:na]
! at com.yammer.dropwizard.Service.run(Service.java:61) [dropwizard-core-0.6.2.jar:na]
! at edu.sjsu.cmpe.library.LibraryService.main(LibraryService.java:28) [classes/:na]
WARN  [2014-04-06 23:11:34,891] org.eclipse.jetty.util.component.AbstractLifeCycle: FAILED org.eclipse.jetty.server.Server@139bc30: MultiException[java.net.BindException: Address already in use: bind, java.net.BindException: Address already in use: JVM_Bind]
! org.eclipse.jetty.util.MultiException: Multiple exceptions
! at org.eclipse.jetty.server.Server.doStart(Server.java:273) ~[jetty-server-8.1.10.v20130312.jar:8.1.10.v20130312]
! at org.eclipse.jetty.util.component.AbstractLifeCycle.start(AbstractLifeCycle.java:64) ~[jetty-util-8.1.10.v20130312.jar:8.1.10.v20130312]
! at com.yammer.dropwizard.cli.ServerCommand.run(ServerCommand.java:48) [dropwizard-core-0.6.2.jar:na]
! at com.yammer.dropwizard.cli.EnvironmentCommand.run(EnvironmentCommand.java:39) [dropwizard-core-0.6.2.jar:na]
! at com.yammer.dropwizard.cli.ConfiguredCommand.run(ConfiguredCommand.java:58) [dropwizard-core-0.6.2.jar:na]
! at com.yammer.dropwizard.cli.Cli.run(Cli.java:53) [dropwizard-core-0.6.2.jar:na]
! at com.yammer.dropwizard.Service.run(Service.java:61) [dropwizard-core-0.6.2.jar:na]
! at edu.sjsu.cmpe.library.LibraryService.main(LibraryService.java:28) [classes/:na]
ERROR [2014-04-06 23:11:34,891] com.yammer.dropwizard.cli.ServerCommand: Unable to start server, shutting down
! org.eclipse.jetty.util.MultiException: Multiple exceptions
! at org.eclipse.jetty.server.Server.doStart(Server.java:273) ~[jetty-server-8.1.10.v20130312.jar:8.1.10.v20130312]
! at org.eclipse.jetty.util.component.AbstractLifeCycle.start(AbstractLifeCycle.java:64) ~[jetty-util-8.1.10.v20130312.jar:8.1.10.v20130312]
! at com.yammer.dropwizard.cli.ServerCommand.run(ServerCommand.java:48) ~[dropwizard-core-0.6.2.jar:na]
! at com.yammer.dropwizard.cli.EnvironmentCommand.run(EnvironmentCommand.java:39) [dropwizard-core-0.6.2.jar:na]
! at com.yammer.dropwizard.cli.ConfiguredCommand.run(ConfiguredCommand.java:58) [dropwizard-core-0.6.2.jar:na]
! at com.yammer.dropwizard.cli.Cli.run(Cli.java:53) [dropwizard-core-0.6.2.jar:na]
! at com.yammer.dropwizard.Service.run(Service.java:61) [dropwizard-core-0.6.2.jar:na]
! at edu.sjsu.cmpe.library.LibraryService.main(LibraryService.java:28) [classes/:na]
INFO  [2014-04-06 23:11:34,891] org.eclipse.jetty.server.Server: Graceful shutdown SocketConnector@0.0.0.0:9001
INFO  [2014-04-06 23:11:34,891] org.eclipse.jetty.server.Server: Graceful shutdown InstrumentedBlockingChannelConnector@0.0.0.0:8001
INFO  [2014-04-06 23:11:34,891] org.eclipse.jetty.server.Server: Graceful shutdown o.e.j.s.ServletContextHandler{/,null}
INFO  [2014-04-06 23:11:34,891] org.eclipse.jetty.server.Server: Graceful shutdown o.e.j.s.ServletContextHandler{/,file:/C:/Users/johny/cmpe273-assignment2/library/target/classes/}
INFO  [2014-04-06 23:11:36,891] org.eclipse.jetty.server.handler.ContextHandler: stopped o.e.j.s.ServletContextHandler{/,file:/C:/Users/johny/cmpe273-assignment2/library/target/classes/}
INFO  [2014-04-06 23:11:36,892] org.eclipse.jetty.server.handler.ContextHandler: stopped o.e.j.s.ServletContextHandler{/,null}
DEBUG [2014-04-06 23:11:57,280] edu.sjsu.cmpe.library.LibraryService: library-a - Queue name is /queue/38622.book.orders. Topic name is /topic/38622.book.*
INFO  [2014-04-06 23:11:57,283] edu.sjsu.cmpe.library.LibraryService: library-a - Queue name is /queue/38622.book.orders. Topic name is /topic/38622.book.*
DEBUG [2014-04-06 23:11:57,542] edu.sjsu.cmpe.library.LibraryService: library-a - Apollo user name  is admin
DEBUG [2014-04-06 23:11:57,543] edu.sjsu.cmpe.library.LibraryService: library-a - Apollo password   is password
DEBUG [2014-04-06 23:11:57,543] edu.sjsu.cmpe.library.LibraryService: library-a - Apollo host name   is 54.215.133.131
DEBUG [2014-04-06 23:11:57,543] edu.sjsu.cmpe.library.LibraryService: library-a - Apollo port   is 61613
WARN  [2014-04-06 23:11:57,580] com.yammer.dropwizard.config.ServerFactory: 
!!!!!!!!!!!!!!!!!!!!!!!!!!!!!!!!!!!!!!!!!!!!!!!!!!!!!!!!!!!!!!!!!!!!!!!!!!!!!!!!
!!!!!!!!!!!!!!!!!!!!!!!!!!!!!!!!!!!!!!!!!!!!!!!!!!!!!!!!!!!!!!!!!!!!!!!!!!!!!!!!
!    THIS SERVICE HAS NO HEALTHCHECKS. THIS MEANS YOU WILL NEVER KNOW IF IT    !
!    DIES IN PRODUCTION, WHICH MEANS YOU WILL NEVER KNOW IF YOU'RE LETTING     !
!     YOUR USERS DOWN. YOU SHOULD ADD A HEALTHCHECK FOR EACH DEPENDENCY OF     !
!     YOUR SERVICE WHICH FULLY (BUT LIGHTLY) TESTS YOUR SERVICE'S ABILITY TO   !
!      USE THAT SERVICE. THINK OF IT AS A CONTINUOUS INTEGRATION TEST.         !
!!!!!!!!!!!!!!!!!!!!!!!!!!!!!!!!!!!!!!!!!!!!!!!!!!!!!!!!!!!!!!!!!!!!!!!!!!!!!!!!
!!!!!!!!!!!!!!!!!!!!!!!!!!!!!!!!!!!!!!!!!!!!!!!!!!!!!!!!!!!!!!!!!!!!!!!!!!!!!!!!
INFO  [2014-04-06 23:11:57,673] com.yammer.dropwizard.cli.ServerCommand: Starting library-service
INFO  [2014-04-06 23:11:57,676] org.eclipse.jetty.server.Server: jetty-8.1.10.v20130312
INFO  [2014-04-06 23:11:57,855] com.sun.jersey.server.impl.application.WebApplicationImpl: Initiating Jersey application, version 'Jersey: 1.17.1 02/28/2013 12:47 PM'
INFO  [2014-04-06 23:11:57,959] com.yammer.dropwizard.config.Environment: The following paths were found for the configured resources:

    DELETE  /library/v1/books/{isbn} (edu.sjsu.cmpe.library.api.resources.BookResource)
    GET     /library/v1/books/ (edu.sjsu.cmpe.library.api.resources.BookResource)
    GET     /library/v1/books/{isbn} (edu.sjsu.cmpe.library.api.resources.BookResource)
    POST    /library/v1/books (edu.sjsu.cmpe.library.api.resources.BookResource)
    PUT     /library/v1/books/{isbn} (edu.sjsu.cmpe.library.api.resources.BookResource)
    GET     /library/ (edu.sjsu.cmpe.library.ui.resources.HomeResource)
    GET     /library/v1/ (edu.sjsu.cmpe.library.api.resources.RootResource)

INFO  [2014-04-06 23:11:57,959] com.yammer.dropwizard.config.Environment: tasks = 

    POST    /tasks/gc (com.yammer.dropwizard.tasks.GarbageCollectionTask)

WARN  [2014-04-06 23:11:58,438] com.sun.jersey.spi.inject.Errors: The following warnings have been detected with resource and/or provider classes:
  WARNING: A sub-resource method, public edu.sjsu.cmpe.library.dto.BooksDto edu.sjsu.cmpe.library.api.resources.BookResource.getAllBooks(), with URI template, "/", is treated as a resource method
INFO  [2014-04-06 23:11:58,454] org.eclipse.jetty.server.AbstractConnector: Started InstrumentedBlockingChannelConnector@0.0.0.0:8001
INFO  [2014-04-06 23:11:58,457] org.eclipse.jetty.server.AbstractConnector: Started SocketConnector@0.0.0.0:9001
DEBUG [2014-04-06 23:17:42,548] edu.sjsu.cmpe.library.LibraryService: library-a - Queue name is /queue/38622.book.orders. Topic name is /topic/38622.book.*
INFO  [2014-04-06 23:17:42,551] edu.sjsu.cmpe.library.LibraryService: library-a - Queue name is /queue/38622.book.orders. Topic name is /topic/38622.book.*
DEBUG [2014-04-06 23:17:42,893] edu.sjsu.cmpe.library.LibraryService: library-a - Apollo user name  is admin
DEBUG [2014-04-06 23:17:42,893] edu.sjsu.cmpe.library.LibraryService: library-a - Apollo password   is password
DEBUG [2014-04-06 23:17:42,893] edu.sjsu.cmpe.library.LibraryService: library-a - Apollo host name   is 54.215.133.131
DEBUG [2014-04-06 23:17:42,893] edu.sjsu.cmpe.library.LibraryService: library-a - Apollo port   is 61613
WARN  [2014-04-06 23:17:42,923] com.yammer.dropwizard.config.ServerFactory: 
!!!!!!!!!!!!!!!!!!!!!!!!!!!!!!!!!!!!!!!!!!!!!!!!!!!!!!!!!!!!!!!!!!!!!!!!!!!!!!!!
!!!!!!!!!!!!!!!!!!!!!!!!!!!!!!!!!!!!!!!!!!!!!!!!!!!!!!!!!!!!!!!!!!!!!!!!!!!!!!!!
!    THIS SERVICE HAS NO HEALTHCHECKS. THIS MEANS YOU WILL NEVER KNOW IF IT    !
!    DIES IN PRODUCTION, WHICH MEANS YOU WILL NEVER KNOW IF YOU'RE LETTING     !
!     YOUR USERS DOWN. YOU SHOULD ADD A HEALTHCHECK FOR EACH DEPENDENCY OF     !
!     YOUR SERVICE WHICH FULLY (BUT LIGHTLY) TESTS YOUR SERVICE'S ABILITY TO   !
!      USE THAT SERVICE. THINK OF IT AS A CONTINUOUS INTEGRATION TEST.         !
!!!!!!!!!!!!!!!!!!!!!!!!!!!!!!!!!!!!!!!!!!!!!!!!!!!!!!!!!!!!!!!!!!!!!!!!!!!!!!!!
!!!!!!!!!!!!!!!!!!!!!!!!!!!!!!!!!!!!!!!!!!!!!!!!!!!!!!!!!!!!!!!!!!!!!!!!!!!!!!!!
INFO  [2014-04-06 23:17:43,015] com.yammer.dropwizard.cli.ServerCommand: Starting library-service
INFO  [2014-04-06 23:17:43,018] org.eclipse.jetty.server.Server: jetty-8.1.10.v20130312
INFO  [2014-04-06 23:17:43,144] com.sun.jersey.server.impl.application.WebApplicationImpl: Initiating Jersey application, version 'Jersey: 1.17.1 02/28/2013 12:47 PM'
INFO  [2014-04-06 23:17:43,236] com.yammer.dropwizard.config.Environment: The following paths were found for the configured resources:

    DELETE  /library/v1/books/{isbn} (edu.sjsu.cmpe.library.api.resources.BookResource)
    GET     /library/v1/books/ (edu.sjsu.cmpe.library.api.resources.BookResource)
    GET     /library/v1/books/{isbn} (edu.sjsu.cmpe.library.api.resources.BookResource)
    POST    /library/v1/books (edu.sjsu.cmpe.library.api.resources.BookResource)
    PUT     /library/v1/books/{isbn} (edu.sjsu.cmpe.library.api.resources.BookResource)
    GET     /library/ (edu.sjsu.cmpe.library.ui.resources.HomeResource)
    GET     /library/v1/ (edu.sjsu.cmpe.library.api.resources.RootResource)

INFO  [2014-04-06 23:17:43,236] com.yammer.dropwizard.config.Environment: tasks = 

    POST    /tasks/gc (com.yammer.dropwizard.tasks.GarbageCollectionTask)

WARN  [2014-04-06 23:17:43,681] com.sun.jersey.spi.inject.Errors: The following warnings have been detected with resource and/or provider classes:
  WARNING: A sub-resource method, public edu.sjsu.cmpe.library.dto.BooksDto edu.sjsu.cmpe.library.api.resources.BookResource.getAllBooks(), with URI template, "/", is treated as a resource method
INFO  [2014-04-06 23:17:43,699] org.eclipse.jetty.server.AbstractConnector: Started InstrumentedBlockingChannelConnector@0.0.0.0:8001
INFO  [2014-04-06 23:17:43,704] org.eclipse.jetty.server.AbstractConnector: Started SocketConnector@0.0.0.0:9001
DEBUG [2014-04-06 23:26:48,529] edu.sjsu.cmpe.library.LibraryService: library-a - Queue name is /queue/38622.book.orders. Topic name is /topic/38622.book.*
INFO  [2014-04-06 23:26:48,532] edu.sjsu.cmpe.library.LibraryService: library-a - Queue name is /queue/38622.book.orders. Topic name is /topic/38622.book.*
DEBUG [2014-04-06 23:26:48,755] edu.sjsu.cmpe.library.LibraryService: library-a - Apollo user name  is admin
DEBUG [2014-04-06 23:26:48,755] edu.sjsu.cmpe.library.LibraryService: library-a - Apollo password   is password
DEBUG [2014-04-06 23:26:48,755] edu.sjsu.cmpe.library.LibraryService: library-a - Apollo host name   is 54.215.133.131
DEBUG [2014-04-06 23:26:48,755] edu.sjsu.cmpe.library.LibraryService: library-a - Apollo port   is 61613
DEBUG [2014-04-06 23:30:55,569] edu.sjsu.cmpe.library.LibraryService: library-a - Queue name is /queue/38622.book.orders. Topic name is /topic/38622.book.*
INFO  [2014-04-06 23:30:55,572] edu.sjsu.cmpe.library.LibraryService: library-a - Queue name is /queue/38622.book.orders. Topic name is /topic/38622.book.*
DEBUG [2014-04-06 23:30:55,756] edu.sjsu.cmpe.library.LibraryService: library-a - Apollo user name  is admin
DEBUG [2014-04-06 23:30:55,756] edu.sjsu.cmpe.library.LibraryService: library-a - Apollo password   is password
DEBUG [2014-04-06 23:30:55,756] edu.sjsu.cmpe.library.LibraryService: library-a - Apollo host name   is 54.215.133.131
DEBUG [2014-04-06 23:30:55,756] edu.sjsu.cmpe.library.LibraryService: library-a - Apollo port   is 61613
WARN  [2014-04-06 23:31:17,254] com.yammer.dropwizard.config.ServerFactory: 
!!!!!!!!!!!!!!!!!!!!!!!!!!!!!!!!!!!!!!!!!!!!!!!!!!!!!!!!!!!!!!!!!!!!!!!!!!!!!!!!
!!!!!!!!!!!!!!!!!!!!!!!!!!!!!!!!!!!!!!!!!!!!!!!!!!!!!!!!!!!!!!!!!!!!!!!!!!!!!!!!
!    THIS SERVICE HAS NO HEALTHCHECKS. THIS MEANS YOU WILL NEVER KNOW IF IT    !
!    DIES IN PRODUCTION, WHICH MEANS YOU WILL NEVER KNOW IF YOU'RE LETTING     !
!     YOUR USERS DOWN. YOU SHOULD ADD A HEALTHCHECK FOR EACH DEPENDENCY OF     !
!     YOUR SERVICE WHICH FULLY (BUT LIGHTLY) TESTS YOUR SERVICE'S ABILITY TO   !
!      USE THAT SERVICE. THINK OF IT AS A CONTINUOUS INTEGRATION TEST.         !
!!!!!!!!!!!!!!!!!!!!!!!!!!!!!!!!!!!!!!!!!!!!!!!!!!!!!!!!!!!!!!!!!!!!!!!!!!!!!!!!
!!!!!!!!!!!!!!!!!!!!!!!!!!!!!!!!!!!!!!!!!!!!!!!!!!!!!!!!!!!!!!!!!!!!!!!!!!!!!!!!
INFO  [2014-04-06 23:31:17,329] com.yammer.dropwizard.cli.ServerCommand: Starting library-service
INFO  [2014-04-06 23:31:17,331] org.eclipse.jetty.server.Server: jetty-8.1.10.v20130312
INFO  [2014-04-06 23:31:17,425] com.sun.jersey.server.impl.application.WebApplicationImpl: Initiating Jersey application, version 'Jersey: 1.17.1 02/28/2013 12:47 PM'
INFO  [2014-04-06 23:31:17,493] com.yammer.dropwizard.config.Environment: The following paths were found for the configured resources:

    DELETE  /library/v1/books/{isbn} (edu.sjsu.cmpe.library.api.resources.BookResource)
    GET     /library/v1/books/ (edu.sjsu.cmpe.library.api.resources.BookResource)
    GET     /library/v1/books/{isbn} (edu.sjsu.cmpe.library.api.resources.BookResource)
    POST    /library/v1/books (edu.sjsu.cmpe.library.api.resources.BookResource)
    PUT     /library/v1/books/{isbn} (edu.sjsu.cmpe.library.api.resources.BookResource)
    GET     /library/ (edu.sjsu.cmpe.library.ui.resources.HomeResource)
    GET     /library/v1/ (edu.sjsu.cmpe.library.api.resources.RootResource)

INFO  [2014-04-06 23:31:17,493] com.yammer.dropwizard.config.Environment: tasks = 

    POST    /tasks/gc (com.yammer.dropwizard.tasks.GarbageCollectionTask)

WARN  [2014-04-06 23:31:17,775] com.sun.jersey.spi.inject.Errors: The following warnings have been detected with resource and/or provider classes:
  WARNING: A sub-resource method, public edu.sjsu.cmpe.library.dto.BooksDto edu.sjsu.cmpe.library.api.resources.BookResource.getAllBooks(), with URI template, "/", is treated as a resource method
INFO  [2014-04-06 23:31:17,782] org.eclipse.jetty.server.AbstractConnector: Started InstrumentedBlockingChannelConnector@0.0.0.0:8001
INFO  [2014-04-06 23:31:17,784] org.eclipse.jetty.server.AbstractConnector: Started SocketConnector@0.0.0.0:9001
ERROR [2014-04-06 23:31:39,888] com.yammer.dropwizard.jersey.LoggingExceptionMapper: Error handling a request: 3b86078c12c452c7
! javax.jms.IllegalStateException: The MessageProducer is closed
! at org.fusesource.stomp.jms.StompJmsConnection.checkClosed(StompJmsConnection.java:389) ~[stompjms-client-1.13.jar:1.13]
! at org.fusesource.stomp.jms.StompJmsConnection.createSession(StompJmsConnection.java:129) ~[stompjms-client-1.13.jar:1.13]
! at edu.sjsu.cmpe.library.api.resources.BookResource.updateBookStatus(BookResource.java:126) ~[classes/:na]
! at sun.reflect.NativeMethodAccessorImpl.invoke0(Native Method) ~[na:1.7.0_21]
! at sun.reflect.NativeMethodAccessorImpl.invoke(NativeMethodAccessorImpl.java:57) ~[na:1.7.0_21]
! at sun.reflect.DelegatingMethodAccessorImpl.invoke(DelegatingMethodAccessorImpl.java:43) ~[na:1.7.0_21]
! at java.lang.reflect.Method.invoke(Method.java:601) ~[na:1.7.0_21]
! at com.sun.jersey.spi.container.JavaMethodInvokerFactory$1.invoke(JavaMethodInvokerFactory.java:60) ~[jersey-server-1.17.1.jar:1.17.1]
! at com.sun.jersey.server.impl.model.method.dispatch.AbstractResourceMethodDispatchProvider$ResponseOutInvoker._dispatch(AbstractResourceMethodDispatchProvider.java:205) ~[jersey-server-1.17.1.jar:1.17.1]
! at com.sun.jersey.server.impl.model.method.dispatch.ResourceJavaMethodDispatcher.dispatch(ResourceJavaMethodDispatcher.java:75) ~[jersey-server-1.17.1.jar:1.17.1]
! at com.yammer.metrics.jersey.InstrumentedResourceMethodDispatchProvider$TimedRequestDispatcher.dispatch(InstrumentedResourceMethodDispatchProvider.java:32) ~[metrics-jersey-2.2.0.jar:na]
! at com.yammer.dropwizard.jersey.OptionalResourceMethodDispatchAdapter$OptionalRequestDispatcher.dispatch(OptionalResourceMethodDispatchAdapter.java:37) ~[dropwizard-core-0.6.2.jar:na]
! at com.sun.jersey.server.impl.uri.rules.HttpMethodRule.accept(HttpMethodRule.java:302) ~[jersey-server-1.17.1.jar:1.17.1]
! at com.sun.jersey.server.impl.uri.rules.RightHandPathRule.accept(RightHandPathRule.java:147) ~[jersey-server-1.17.1.jar:1.17.1]
! at com.sun.jersey.server.impl.uri.rules.ResourceObjectRule.accept(ResourceObjectRule.java:100) ~[jersey-server-1.17.1.jar:1.17.1]
! at com.sun.jersey.server.impl.uri.rules.RightHandPathRule.accept(RightHandPathRule.java:147) ~[jersey-server-1.17.1.jar:1.17.1]
! at com.sun.jersey.server.impl.uri.rules.RootResourceClassesRule.accept(RootResourceClassesRule.java:84) ~[jersey-server-1.17.1.jar:1.17.1]
! at com.sun.jersey.server.impl.application.WebApplicationImpl._handleRequest(WebApplicationImpl.java:1511) [jersey-server-1.17.1.jar:1.17.1]
! at com.sun.jersey.server.impl.application.WebApplicationImpl._handleRequest(WebApplicationImpl.java:1442) [jersey-server-1.17.1.jar:1.17.1]
! at com.sun.jersey.server.impl.application.WebApplicationImpl.handleRequest(WebApplicationImpl.java:1391) [jersey-server-1.17.1.jar:1.17.1]
! at com.sun.jersey.server.impl.application.WebApplicationImpl.handleRequest(WebApplicationImpl.java:1381) [jersey-server-1.17.1.jar:1.17.1]
! at com.sun.jersey.spi.container.servlet.WebComponent.service(WebComponent.java:416) [jersey-servlet-1.17.1.jar:1.17.1]
! at com.sun.jersey.spi.container.servlet.ServletContainer.service(ServletContainer.java:538) [jersey-servlet-1.17.1.jar:1.17.1]
! at com.sun.jersey.spi.container.servlet.ServletContainer.service(ServletContainer.java:716) [jersey-servlet-1.17.1.jar:1.17.1]
! at javax.servlet.http.HttpServlet.service(HttpServlet.java:848) [javax.servlet-3.0.0.v201112011016.jar:na]
! at org.eclipse.jetty.servlet.ServletHolder.handle(ServletHolder.java:669) [jetty-servlet-8.1.10.v20130312.jar:8.1.10.v20130312]
! at org.eclipse.jetty.servlet.ServletHandler$CachedChain.doFilter(ServletHandler.java:1448) [jetty-servlet-8.1.10.v20130312.jar:8.1.10.v20130312]
! at com.yammer.dropwizard.servlets.ThreadNameFilter.doFilter(ThreadNameFilter.java:29) [dropwizard-core-0.6.2.jar:na]
! at org.eclipse.jetty.servlet.ServletHandler$CachedChain.doFilter(ServletHandler.java:1419) [jetty-servlet-8.1.10.v20130312.jar:8.1.10.v20130312]
! at org.eclipse.jetty.servlet.ServletHandler.doHandle(ServletHandler.java:455) [jetty-servlet-8.1.10.v20130312.jar:8.1.10.v20130312]
! at org.eclipse.jetty.server.handler.ContextHandler.doHandle(ContextHandler.java:1075) [jetty-server-8.1.10.v20130312.jar:8.1.10.v20130312]
! at org.eclipse.jetty.servlet.ServletHandler.doScope(ServletHandler.java:384) [jetty-servlet-8.1.10.v20130312.jar:8.1.10.v20130312]
! at org.eclipse.jetty.server.handler.ContextHandler.doScope(ContextHandler.java:1009) [jetty-server-8.1.10.v20130312.jar:8.1.10.v20130312]
! at org.eclipse.jetty.server.handler.ScopedHandler.handle(ScopedHandler.java:135) [jetty-server-8.1.10.v20130312.jar:8.1.10.v20130312]
! at org.eclipse.jetty.server.handler.HandlerWrapper.handle(HandlerWrapper.java:116) [jetty-server-8.1.10.v20130312.jar:8.1.10.v20130312]
! at com.yammer.metrics.jetty.InstrumentedHandler.handle(InstrumentedHandler.java:200) [metrics-jetty-2.2.0.jar:na]
! at org.eclipse.jetty.server.handler.GzipHandler.handle(GzipHandler.java:264) [jetty-server-8.1.10.v20130312.jar:8.1.10.v20130312]
! at com.yammer.dropwizard.jetty.BiDiGzipHandler.handle(BiDiGzipHandler.java:123) [dropwizard-core-0.6.2.jar:na]
! at org.eclipse.jetty.server.handler.HandlerCollection.handle(HandlerCollection.java:154) [jetty-server-8.1.10.v20130312.jar:8.1.10.v20130312]
! at org.eclipse.jetty.server.handler.HandlerWrapper.handle(HandlerWrapper.java:116) [jetty-server-8.1.10.v20130312.jar:8.1.10.v20130312]
! at org.eclipse.jetty.server.Server.handle(Server.java:368) [jetty-server-8.1.10.v20130312.jar:8.1.10.v20130312]
! at org.eclipse.jetty.server.AbstractHttpConnection.handleRequest(AbstractHttpConnection.java:489) [jetty-server-8.1.10.v20130312.jar:8.1.10.v20130312]
! at org.eclipse.jetty.server.BlockingHttpConnection.handleRequest(BlockingHttpConnection.java:53) [jetty-server-8.1.10.v20130312.jar:8.1.10.v20130312]
! at org.eclipse.jetty.server.AbstractHttpConnection.content(AbstractHttpConnection.java:953) [jetty-server-8.1.10.v20130312.jar:8.1.10.v20130312]
! at org.eclipse.jetty.server.AbstractHttpConnection$RequestHandler.content(AbstractHttpConnection.java:1014) [jetty-server-8.1.10.v20130312.jar:8.1.10.v20130312]
! at org.eclipse.jetty.http.HttpParser.parseNext(HttpParser.java:861) [jetty-http-8.1.10.v20130312.jar:8.1.10.v20130312]
! at org.eclipse.jetty.http.HttpParser.parseAvailable(HttpParser.java:240) [jetty-http-8.1.10.v20130312.jar:8.1.10.v20130312]
! at org.eclipse.jetty.server.BlockingHttpConnection.handle(BlockingHttpConnection.java:72) [jetty-server-8.1.10.v20130312.jar:8.1.10.v20130312]
! at org.eclipse.jetty.server.nio.BlockingChannelConnector$BlockingChannelEndPoint.run(BlockingChannelConnector.java:298) [jetty-server-8.1.10.v20130312.jar:8.1.10.v20130312]
! at org.eclipse.jetty.util.thread.QueuedThreadPool.runJob(QueuedThreadPool.java:608) [jetty-util-8.1.10.v20130312.jar:8.1.10.v20130312]
! at org.eclipse.jetty.util.thread.QueuedThreadPool$3.run(QueuedThreadPool.java:543) [jetty-util-8.1.10.v20130312.jar:8.1.10.v20130312]
! at java.lang.Thread.run(Thread.java:722) [na:1.7.0_21]
DEBUG [2014-04-06 23:32:51,367] edu.sjsu.cmpe.library.LibraryService: library-a - Queue name is /queue/38622.book.orders. Topic name is /topic/38622.book.*
INFO  [2014-04-06 23:32:51,370] edu.sjsu.cmpe.library.LibraryService: library-a - Queue name is /queue/38622.book.orders. Topic name is /topic/38622.book.*
DEBUG [2014-04-06 23:32:51,562] edu.sjsu.cmpe.library.LibraryService: library-a - Apollo user name  is admin
DEBUG [2014-04-06 23:32:51,562] edu.sjsu.cmpe.library.LibraryService: library-a - Apollo password   is password
DEBUG [2014-04-06 23:32:51,562] edu.sjsu.cmpe.library.LibraryService: library-a - Apollo host name   is 54.215.133.131
DEBUG [2014-04-06 23:32:51,562] edu.sjsu.cmpe.library.LibraryService: library-a - Apollo port   is 61613
DEBUG [2014-04-06 23:35:38,093] edu.sjsu.cmpe.library.LibraryService: library-a - Queue name is /queue/38622.book.orders. Topic name is /topic/38622.book.*
INFO  [2014-04-06 23:35:38,095] edu.sjsu.cmpe.library.LibraryService: library-a - Queue name is /queue/38622.book.orders. Topic name is /topic/38622.book.*
DEBUG [2014-04-06 23:35:38,282] edu.sjsu.cmpe.library.LibraryService: library-a - Apollo user name  is admin
DEBUG [2014-04-06 23:35:38,282] edu.sjsu.cmpe.library.LibraryService: library-a - Apollo password   is password
DEBUG [2014-04-06 23:35:38,282] edu.sjsu.cmpe.library.LibraryService: library-a - Apollo host name   is 54.215.133.131
DEBUG [2014-04-06 23:35:38,282] edu.sjsu.cmpe.library.LibraryService: library-a - Apollo port   is 61613
DEBUG [2014-04-06 23:44:21,310] edu.sjsu.cmpe.library.LibraryService: library-a - Queue name is /queue/38622.book.orders. Topic name is /topic/38622.book.*
INFO  [2014-04-06 23:44:21,315] edu.sjsu.cmpe.library.LibraryService: library-a - Queue name is /queue/38622.book.orders. Topic name is /topic/38622.book.*
DEBUG [2014-04-06 23:44:22,051] edu.sjsu.cmpe.library.LibraryService: library-a - Apollo user name  is admin
DEBUG [2014-04-06 23:44:22,051] edu.sjsu.cmpe.library.LibraryService: library-a - Apollo password   is password
DEBUG [2014-04-06 23:44:22,051] edu.sjsu.cmpe.library.LibraryService: library-a - Apollo host name   is 54.215.133.131
DEBUG [2014-04-06 23:44:22,051] edu.sjsu.cmpe.library.LibraryService: library-a - Apollo port   is 61613
DEBUG [2014-04-06 23:44:31,926] edu.sjsu.cmpe.library.LibraryService: library-a - Queue name is /queue/38622.book.orders. Topic name is /topic/38622.book.*
INFO  [2014-04-06 23:44:31,931] edu.sjsu.cmpe.library.LibraryService: library-a - Queue name is /queue/38622.book.orders. Topic name is /topic/38622.book.*
DEBUG [2014-04-06 23:44:32,382] edu.sjsu.cmpe.library.LibraryService: library-a - Apollo user name  is admin
DEBUG [2014-04-06 23:44:32,382] edu.sjsu.cmpe.library.LibraryService: library-a - Apollo password   is password
DEBUG [2014-04-06 23:44:32,382] edu.sjsu.cmpe.library.LibraryService: library-a - Apollo host name   is 54.215.133.131
DEBUG [2014-04-06 23:44:32,382] edu.sjsu.cmpe.library.LibraryService: library-a - Apollo port   is 61613
DEBUG [2014-04-06 23:46:55,576] edu.sjsu.cmpe.library.LibraryService: library-a - Queue name is /queue/38622.book.orders. Topic name is /topic/38622.book.*
INFO  [2014-04-06 23:46:55,582] edu.sjsu.cmpe.library.LibraryService: library-a - Queue name is /queue/38622.book.orders. Topic name is /topic/38622.book.*
DEBUG [2014-04-06 23:46:56,099] edu.sjsu.cmpe.library.LibraryService: library-a - Apollo user name  is admin
DEBUG [2014-04-06 23:46:56,099] edu.sjsu.cmpe.library.LibraryService: library-a - Apollo password   is password
DEBUG [2014-04-06 23:46:56,100] edu.sjsu.cmpe.library.LibraryService: library-a - Apollo host name   is 54.215.133.131
DEBUG [2014-04-06 23:46:56,100] edu.sjsu.cmpe.library.LibraryService: library-a - Apollo port   is 61613
DEBUG [2014-04-06 23:47:27,643] edu.sjsu.cmpe.library.LibraryService: library-a - Queue name is /queue/38622.book.orders. Topic name is /topic/38622.book.*
INFO  [2014-04-06 23:47:27,649] edu.sjsu.cmpe.library.LibraryService: library-a - Queue name is /queue/38622.book.orders. Topic name is /topic/38622.book.*
DEBUG [2014-04-06 23:47:28,128] edu.sjsu.cmpe.library.LibraryService: library-a - Apollo user name  is admin
DEBUG [2014-04-06 23:47:28,128] edu.sjsu.cmpe.library.LibraryService: library-a - Apollo password   is password
DEBUG [2014-04-06 23:47:28,128] edu.sjsu.cmpe.library.LibraryService: library-a - Apollo host name   is 54.215.133.131
DEBUG [2014-04-06 23:47:28,128] edu.sjsu.cmpe.library.LibraryService: library-a - Apollo port   is 61613
DEBUG [2014-04-06 23:48:56,090] edu.sjsu.cmpe.library.LibraryService: library-a - Queue name is /queue/38622.book.orders. Topic name is /topic/38622.book.*
INFO  [2014-04-06 23:48:56,099] edu.sjsu.cmpe.library.LibraryService: library-a - Queue name is /queue/38622.book.orders. Topic name is /topic/38622.book.*
DEBUG [2014-04-06 23:48:56,612] edu.sjsu.cmpe.library.LibraryService: library-a - Apollo user name  is admin
DEBUG [2014-04-06 23:48:56,613] edu.sjsu.cmpe.library.LibraryService: library-a - Apollo password   is password
DEBUG [2014-04-06 23:48:56,613] edu.sjsu.cmpe.library.LibraryService: library-a - Apollo host name   is 54.215.133.131
DEBUG [2014-04-06 23:48:56,613] edu.sjsu.cmpe.library.LibraryService: library-a - Apollo port   is 61613
WARN  [2014-04-06 23:48:56,669] com.yammer.dropwizard.config.ServerFactory: 
!!!!!!!!!!!!!!!!!!!!!!!!!!!!!!!!!!!!!!!!!!!!!!!!!!!!!!!!!!!!!!!!!!!!!!!!!!!!!!!!
!!!!!!!!!!!!!!!!!!!!!!!!!!!!!!!!!!!!!!!!!!!!!!!!!!!!!!!!!!!!!!!!!!!!!!!!!!!!!!!!
!    THIS SERVICE HAS NO HEALTHCHECKS. THIS MEANS YOU WILL NEVER KNOW IF IT    !
!    DIES IN PRODUCTION, WHICH MEANS YOU WILL NEVER KNOW IF YOU'RE LETTING     !
!     YOUR USERS DOWN. YOU SHOULD ADD A HEALTHCHECK FOR EACH DEPENDENCY OF     !
!     YOUR SERVICE WHICH FULLY (BUT LIGHTLY) TESTS YOUR SERVICE'S ABILITY TO   !
!      USE THAT SERVICE. THINK OF IT AS A CONTINUOUS INTEGRATION TEST.         !
!!!!!!!!!!!!!!!!!!!!!!!!!!!!!!!!!!!!!!!!!!!!!!!!!!!!!!!!!!!!!!!!!!!!!!!!!!!!!!!!
!!!!!!!!!!!!!!!!!!!!!!!!!!!!!!!!!!!!!!!!!!!!!!!!!!!!!!!!!!!!!!!!!!!!!!!!!!!!!!!!
INFO  [2014-04-06 23:48:56,881] com.yammer.dropwizard.cli.ServerCommand: Starting library-service
INFO  [2014-04-06 23:48:56,887] org.eclipse.jetty.server.Server: jetty-8.1.10.v20130312
INFO  [2014-04-06 23:48:57,157] com.sun.jersey.server.impl.application.WebApplicationImpl: Initiating Jersey application, version 'Jersey: 1.17.1 02/28/2013 12:47 PM'
INFO  [2014-04-06 23:48:57,379] com.yammer.dropwizard.config.Environment: The following paths were found for the configured resources:

    DELETE  /library/v1/books/{isbn} (edu.sjsu.cmpe.library.api.resources.BookResource)
    GET     /library/v1/books/ (edu.sjsu.cmpe.library.api.resources.BookResource)
    GET     /library/v1/books/{isbn} (edu.sjsu.cmpe.library.api.resources.BookResource)
    POST    /library/v1/books (edu.sjsu.cmpe.library.api.resources.BookResource)
    PUT     /library/v1/books/{isbn} (edu.sjsu.cmpe.library.api.resources.BookResource)
    GET     /library/ (edu.sjsu.cmpe.library.ui.resources.HomeResource)
    GET     /library/v1/ (edu.sjsu.cmpe.library.api.resources.RootResource)

INFO  [2014-04-06 23:48:57,380] com.yammer.dropwizard.config.Environment: tasks = 

    POST    /tasks/gc (com.yammer.dropwizard.tasks.GarbageCollectionTask)

WARN  [2014-04-06 23:48:58,232] com.sun.jersey.spi.inject.Errors: The following warnings have been detected with resource and/or provider classes:
  WARNING: A sub-resource method, public edu.sjsu.cmpe.library.dto.BooksDto edu.sjsu.cmpe.library.api.resources.BookResource.getAllBooks(), with URI template, "/", is treated as a resource method
INFO  [2014-04-06 23:48:58,253] org.eclipse.jetty.server.AbstractConnector: Started InstrumentedBlockingChannelConnector@0.0.0.0:8001
INFO  [2014-04-06 23:48:58,259] org.eclipse.jetty.server.AbstractConnector: Started SocketConnector@0.0.0.0:9001
DEBUG [2014-04-06 23:50:56,996] edu.sjsu.cmpe.library.LibraryService: library-a - Queue name is /queue/38622.book.orders. Topic name is /topic/38622.book.*
INFO  [2014-04-06 23:50:57,005] edu.sjsu.cmpe.library.LibraryService: library-a - Queue name is /queue/38622.book.orders. Topic name is /topic/38622.book.*
DEBUG [2014-04-06 23:50:57,582] edu.sjsu.cmpe.library.LibraryService: library-a - Apollo user name  is admin
DEBUG [2014-04-06 23:50:57,582] edu.sjsu.cmpe.library.LibraryService: library-a - Apollo password   is password
DEBUG [2014-04-06 23:50:57,582] edu.sjsu.cmpe.library.LibraryService: library-a - Apollo host name   is 54.215.133.131
DEBUG [2014-04-06 23:50:57,582] edu.sjsu.cmpe.library.LibraryService: library-a - Apollo port   is 61613
DEBUG [2014-04-06 23:56:57,571] edu.sjsu.cmpe.library.LibraryService: library-a - Queue name is /queue/38622.book.orders. Topic name is /topic/38622.book.*
INFO  [2014-04-06 23:56:57,582] edu.sjsu.cmpe.library.LibraryService: library-a - Queue name is /queue/38622.book.orders. Topic name is /topic/38622.book.*
DEBUG [2014-04-06 23:56:58,231] edu.sjsu.cmpe.library.LibraryService: library-a - Apollo user name  is admin
DEBUG [2014-04-06 23:56:58,232] edu.sjsu.cmpe.library.LibraryService: library-a - Apollo password   is password
DEBUG [2014-04-06 23:56:58,232] edu.sjsu.cmpe.library.LibraryService: library-a - Apollo host name   is 54.215.133.131
DEBUG [2014-04-06 23:56:58,232] edu.sjsu.cmpe.library.LibraryService: library-a - Apollo port   is 61613
DEBUG [2014-04-06 23:58:14,473] edu.sjsu.cmpe.library.LibraryService: library-a - Queue name is /queue/38622.book.orders. Topic name is /topic/38622.book.*
INFO  [2014-04-06 23:58:14,481] edu.sjsu.cmpe.library.LibraryService: library-a - Queue name is /queue/38622.book.orders. Topic name is /topic/38622.book.*
DEBUG [2014-04-06 23:58:15,023] edu.sjsu.cmpe.library.LibraryService: library-a - Apollo user name  is admin
DEBUG [2014-04-06 23:58:15,024] edu.sjsu.cmpe.library.LibraryService: library-a - Apollo password   is password
DEBUG [2014-04-06 23:58:15,024] edu.sjsu.cmpe.library.LibraryService: library-a - Apollo host name   is 54.215.133.131
DEBUG [2014-04-06 23:58:15,024] edu.sjsu.cmpe.library.LibraryService: library-a - Apollo port   is 61613
DEBUG [2014-04-07 00:00:20,712] edu.sjsu.cmpe.library.LibraryService: library-a - Queue name is /queue/38622.book.orders. Topic name is /topic/38622.book.*
INFO  [2014-04-07 00:00:20,724] edu.sjsu.cmpe.library.LibraryService: library-a - Queue name is /queue/38622.book.orders. Topic name is /topic/38622.book.*
DEBUG [2014-04-07 00:00:22,398] edu.sjsu.cmpe.library.LibraryService: library-a - Apollo user name  is admin
DEBUG [2014-04-07 00:00:22,398] edu.sjsu.cmpe.library.LibraryService: library-a - Apollo password   is password
DEBUG [2014-04-07 00:00:22,398] edu.sjsu.cmpe.library.LibraryService: library-a - Apollo host name   is 54.215.133.131
DEBUG [2014-04-07 00:00:22,398] edu.sjsu.cmpe.library.LibraryService: library-a - Apollo port   is 61613
DEBUG [2014-04-07 00:07:18,486] edu.sjsu.cmpe.library.LibraryService: library-a - Queue name is /queue/38622.book.orders. Topic name is /topic/38622.book.*
INFO  [2014-04-07 00:07:18,495] edu.sjsu.cmpe.library.LibraryService: library-a - Queue name is /queue/38622.book.orders. Topic name is /topic/38622.book.*
DEBUG [2014-04-07 00:07:19,054] edu.sjsu.cmpe.library.LibraryService: library-a - Apollo user name  is admin
DEBUG [2014-04-07 00:07:19,054] edu.sjsu.cmpe.library.LibraryService: library-a - Apollo password   is password
DEBUG [2014-04-07 00:07:19,054] edu.sjsu.cmpe.library.LibraryService: library-a - Apollo host name   is 54.215.133.131
DEBUG [2014-04-07 00:07:19,054] edu.sjsu.cmpe.library.LibraryService: library-a - Apollo port   is 61613
WARN  [2014-04-07 00:07:19,112] com.yammer.dropwizard.config.ServerFactory: 
!!!!!!!!!!!!!!!!!!!!!!!!!!!!!!!!!!!!!!!!!!!!!!!!!!!!!!!!!!!!!!!!!!!!!!!!!!!!!!!!
!!!!!!!!!!!!!!!!!!!!!!!!!!!!!!!!!!!!!!!!!!!!!!!!!!!!!!!!!!!!!!!!!!!!!!!!!!!!!!!!
!    THIS SERVICE HAS NO HEALTHCHECKS. THIS MEANS YOU WILL NEVER KNOW IF IT    !
!    DIES IN PRODUCTION, WHICH MEANS YOU WILL NEVER KNOW IF YOU'RE LETTING     !
!     YOUR USERS DOWN. YOU SHOULD ADD A HEALTHCHECK FOR EACH DEPENDENCY OF     !
!     YOUR SERVICE WHICH FULLY (BUT LIGHTLY) TESTS YOUR SERVICE'S ABILITY TO   !
!      USE THAT SERVICE. THINK OF IT AS A CONTINUOUS INTEGRATION TEST.         !
!!!!!!!!!!!!!!!!!!!!!!!!!!!!!!!!!!!!!!!!!!!!!!!!!!!!!!!!!!!!!!!!!!!!!!!!!!!!!!!!
!!!!!!!!!!!!!!!!!!!!!!!!!!!!!!!!!!!!!!!!!!!!!!!!!!!!!!!!!!!!!!!!!!!!!!!!!!!!!!!!
INFO  [2014-04-07 00:07:19,340] com.yammer.dropwizard.cli.ServerCommand: Starting library-service
INFO  [2014-04-07 00:07:19,346] org.eclipse.jetty.server.Server: jetty-8.1.10.v20130312
INFO  [2014-04-07 00:07:19,630] com.sun.jersey.server.impl.application.WebApplicationImpl: Initiating Jersey application, version 'Jersey: 1.17.1 02/28/2013 12:47 PM'
INFO  [2014-04-07 00:07:19,854] com.yammer.dropwizard.config.Environment: The following paths were found for the configured resources:

    DELETE  /library/v1/books/{isbn} (edu.sjsu.cmpe.library.api.resources.BookResource)
    GET     /library/v1/books/ (edu.sjsu.cmpe.library.api.resources.BookResource)
    GET     /library/v1/books/{isbn} (edu.sjsu.cmpe.library.api.resources.BookResource)
    POST    /library/v1/books (edu.sjsu.cmpe.library.api.resources.BookResource)
    PUT     /library/v1/books/{isbn} (edu.sjsu.cmpe.library.api.resources.BookResource)
    GET     /library/ (edu.sjsu.cmpe.library.ui.resources.HomeResource)
    GET     /library/v1/ (edu.sjsu.cmpe.library.api.resources.RootResource)

INFO  [2014-04-07 00:07:19,855] com.yammer.dropwizard.config.Environment: tasks = 

    POST    /tasks/gc (com.yammer.dropwizard.tasks.GarbageCollectionTask)

WARN  [2014-04-07 00:07:20,707] com.sun.jersey.spi.inject.Errors: The following warnings have been detected with resource and/or provider classes:
  WARNING: A sub-resource method, public edu.sjsu.cmpe.library.dto.BooksDto edu.sjsu.cmpe.library.api.resources.BookResource.getAllBooks(), with URI template, "/", is treated as a resource method
INFO  [2014-04-07 00:07:20,725] org.eclipse.jetty.server.AbstractConnector: Started InstrumentedBlockingChannelConnector@0.0.0.0:8001
INFO  [2014-04-07 00:07:20,731] org.eclipse.jetty.server.AbstractConnector: Started SocketConnector@0.0.0.0:9001
DEBUG [2014-04-07 00:20:10,546] edu.sjsu.cmpe.library.LibraryService: library-a - Queue name is /queue/38622.book.orders. Topic name is /topic/38622.book.*
INFO  [2014-04-07 00:20:10,553] edu.sjsu.cmpe.library.LibraryService: library-a - Queue name is /queue/38622.book.orders. Topic name is /topic/38622.book.*
DEBUG [2014-04-07 00:20:11,010] edu.sjsu.cmpe.library.LibraryService: library-a - Apollo user name  is admin
DEBUG [2014-04-07 00:20:11,010] edu.sjsu.cmpe.library.LibraryService: library-a - Apollo password   is password
DEBUG [2014-04-07 00:20:11,010] edu.sjsu.cmpe.library.LibraryService: library-a - Apollo host name   is 54.215.133.131
DEBUG [2014-04-07 00:20:11,010] edu.sjsu.cmpe.library.LibraryService: library-a - Apollo port   is 61613
WARN  [2014-04-07 00:20:11,074] com.yammer.dropwizard.config.ServerFactory: 
!!!!!!!!!!!!!!!!!!!!!!!!!!!!!!!!!!!!!!!!!!!!!!!!!!!!!!!!!!!!!!!!!!!!!!!!!!!!!!!!
!!!!!!!!!!!!!!!!!!!!!!!!!!!!!!!!!!!!!!!!!!!!!!!!!!!!!!!!!!!!!!!!!!!!!!!!!!!!!!!!
!    THIS SERVICE HAS NO HEALTHCHECKS. THIS MEANS YOU WILL NEVER KNOW IF IT    !
!    DIES IN PRODUCTION, WHICH MEANS YOU WILL NEVER KNOW IF YOU'RE LETTING     !
!     YOUR USERS DOWN. YOU SHOULD ADD A HEALTHCHECK FOR EACH DEPENDENCY OF     !
!     YOUR SERVICE WHICH FULLY (BUT LIGHTLY) TESTS YOUR SERVICE'S ABILITY TO   !
!      USE THAT SERVICE. THINK OF IT AS A CONTINUOUS INTEGRATION TEST.         !
!!!!!!!!!!!!!!!!!!!!!!!!!!!!!!!!!!!!!!!!!!!!!!!!!!!!!!!!!!!!!!!!!!!!!!!!!!!!!!!!
!!!!!!!!!!!!!!!!!!!!!!!!!!!!!!!!!!!!!!!!!!!!!!!!!!!!!!!!!!!!!!!!!!!!!!!!!!!!!!!!
INFO  [2014-04-07 00:20:11,302] com.yammer.dropwizard.cli.ServerCommand: Starting library-service
INFO  [2014-04-07 00:20:11,308] org.eclipse.jetty.server.Server: jetty-8.1.10.v20130312
INFO  [2014-04-07 00:20:11,580] com.sun.jersey.server.impl.application.WebApplicationImpl: Initiating Jersey application, version 'Jersey: 1.17.1 02/28/2013 12:47 PM'
INFO  [2014-04-07 00:20:11,806] com.yammer.dropwizard.config.Environment: The following paths were found for the configured resources:

    DELETE  /library/v1/books/{isbn} (edu.sjsu.cmpe.library.api.resources.BookResource)
    GET     /library/v1/books/ (edu.sjsu.cmpe.library.api.resources.BookResource)
    GET     /library/v1/books/{isbn} (edu.sjsu.cmpe.library.api.resources.BookResource)
    POST    /library/v1/books (edu.sjsu.cmpe.library.api.resources.BookResource)
    PUT     /library/v1/books/{isbn} (edu.sjsu.cmpe.library.api.resources.BookResource)
    GET     /library/ (edu.sjsu.cmpe.library.ui.resources.HomeResource)
    GET     /library/v1/ (edu.sjsu.cmpe.library.api.resources.RootResource)

INFO  [2014-04-07 00:20:11,807] com.yammer.dropwizard.config.Environment: tasks = 

    POST    /tasks/gc (com.yammer.dropwizard.tasks.GarbageCollectionTask)

WARN  [2014-04-07 00:20:12,637] com.sun.jersey.spi.inject.Errors: The following warnings have been detected with resource and/or provider classes:
  WARNING: A sub-resource method, public edu.sjsu.cmpe.library.dto.BooksDto edu.sjsu.cmpe.library.api.resources.BookResource.getAllBooks(), with URI template, "/", is treated as a resource method
INFO  [2014-04-07 00:20:12,652] org.eclipse.jetty.server.AbstractConnector: Started InstrumentedBlockingChannelConnector@0.0.0.0:8001
INFO  [2014-04-07 00:20:12,659] org.eclipse.jetty.server.AbstractConnector: Started SocketConnector@0.0.0.0:9001
DEBUG [2014-04-07 00:23:02,799] edu.sjsu.cmpe.library.LibraryService: library-a - Queue name is /queue/38622.book.orders. Topic name is /topic/38622.book.*
INFO  [2014-04-07 00:23:02,810] edu.sjsu.cmpe.library.LibraryService: library-a - Queue name is /queue/38622.book.orders. Topic name is /topic/38622.book.*
DEBUG [2014-04-07 00:23:06,247] edu.sjsu.cmpe.library.LibraryService: library-a - Apollo user name  is admin
DEBUG [2014-04-07 00:23:06,247] edu.sjsu.cmpe.library.LibraryService: library-a - Apollo password   is password
DEBUG [2014-04-07 00:23:06,247] edu.sjsu.cmpe.library.LibraryService: library-a - Apollo host name   is 54.215.133.131
DEBUG [2014-04-07 00:23:06,247] edu.sjsu.cmpe.library.LibraryService: library-a - Apollo port   is 61613
WARN  [2014-04-07 00:23:06,304] com.yammer.dropwizard.config.ServerFactory: 
!!!!!!!!!!!!!!!!!!!!!!!!!!!!!!!!!!!!!!!!!!!!!!!!!!!!!!!!!!!!!!!!!!!!!!!!!!!!!!!!
!!!!!!!!!!!!!!!!!!!!!!!!!!!!!!!!!!!!!!!!!!!!!!!!!!!!!!!!!!!!!!!!!!!!!!!!!!!!!!!!
!    THIS SERVICE HAS NO HEALTHCHECKS. THIS MEANS YOU WILL NEVER KNOW IF IT    !
!    DIES IN PRODUCTION, WHICH MEANS YOU WILL NEVER KNOW IF YOU'RE LETTING     !
!     YOUR USERS DOWN. YOU SHOULD ADD A HEALTHCHECK FOR EACH DEPENDENCY OF     !
!     YOUR SERVICE WHICH FULLY (BUT LIGHTLY) TESTS YOUR SERVICE'S ABILITY TO   !
!      USE THAT SERVICE. THINK OF IT AS A CONTINUOUS INTEGRATION TEST.         !
!!!!!!!!!!!!!!!!!!!!!!!!!!!!!!!!!!!!!!!!!!!!!!!!!!!!!!!!!!!!!!!!!!!!!!!!!!!!!!!!
!!!!!!!!!!!!!!!!!!!!!!!!!!!!!!!!!!!!!!!!!!!!!!!!!!!!!!!!!!!!!!!!!!!!!!!!!!!!!!!!
INFO  [2014-04-07 00:23:06,527] com.yammer.dropwizard.cli.ServerCommand: Starting library-service
INFO  [2014-04-07 00:23:06,534] org.eclipse.jetty.server.Server: jetty-8.1.10.v20130312
INFO  [2014-04-07 00:23:06,809] com.sun.jersey.server.impl.application.WebApplicationImpl: Initiating Jersey application, version 'Jersey: 1.17.1 02/28/2013 12:47 PM'
INFO  [2014-04-07 00:23:07,051] com.yammer.dropwizard.config.Environment: The following paths were found for the configured resources:

    DELETE  /library/v1/books/{isbn} (edu.sjsu.cmpe.library.api.resources.BookResource)
    GET     /library/v1/books/ (edu.sjsu.cmpe.library.api.resources.BookResource)
    GET     /library/v1/books/{isbn} (edu.sjsu.cmpe.library.api.resources.BookResource)
    POST    /library/v1/books (edu.sjsu.cmpe.library.api.resources.BookResource)
    PUT     /library/v1/books/{isbn} (edu.sjsu.cmpe.library.api.resources.BookResource)
    GET     /library/ (edu.sjsu.cmpe.library.ui.resources.HomeResource)
    GET     /library/v1/ (edu.sjsu.cmpe.library.api.resources.RootResource)

INFO  [2014-04-07 00:23:07,052] com.yammer.dropwizard.config.Environment: tasks = 

    POST    /tasks/gc (com.yammer.dropwizard.tasks.GarbageCollectionTask)

WARN  [2014-04-07 00:23:07,865] com.sun.jersey.spi.inject.Errors: The following warnings have been detected with resource and/or provider classes:
  WARNING: A sub-resource method, public edu.sjsu.cmpe.library.dto.BooksDto edu.sjsu.cmpe.library.api.resources.BookResource.getAllBooks(), with URI template, "/", is treated as a resource method
INFO  [2014-04-07 00:23:07,883] org.eclipse.jetty.server.AbstractConnector: Started InstrumentedBlockingChannelConnector@0.0.0.0:8001
INFO  [2014-04-07 00:23:07,889] org.eclipse.jetty.server.AbstractConnector: Started SocketConnector@0.0.0.0:9001
DEBUG [2014-04-07 00:31:51,770] edu.sjsu.cmpe.library.LibraryService: library-a - Queue name is /queue/38622.book.orders. Topic name is /topic/38622.book.*
INFO  [2014-04-07 00:31:51,776] edu.sjsu.cmpe.library.LibraryService: library-a - Queue name is /queue/38622.book.orders. Topic name is /topic/38622.book.*
DEBUG [2014-04-07 00:31:52,244] edu.sjsu.cmpe.library.LibraryService: library-a - Apollo user name  is admin
DEBUG [2014-04-07 00:31:52,244] edu.sjsu.cmpe.library.LibraryService: library-a - Apollo password   is password
DEBUG [2014-04-07 00:31:52,245] edu.sjsu.cmpe.library.LibraryService: library-a - Apollo host name   is 54.215.133.131
DEBUG [2014-04-07 00:31:52,245] edu.sjsu.cmpe.library.LibraryService: library-a - Apollo port   is 61613
WARN  [2014-04-07 00:31:52,302] com.yammer.dropwizard.config.ServerFactory: 
!!!!!!!!!!!!!!!!!!!!!!!!!!!!!!!!!!!!!!!!!!!!!!!!!!!!!!!!!!!!!!!!!!!!!!!!!!!!!!!!
!!!!!!!!!!!!!!!!!!!!!!!!!!!!!!!!!!!!!!!!!!!!!!!!!!!!!!!!!!!!!!!!!!!!!!!!!!!!!!!!
!    THIS SERVICE HAS NO HEALTHCHECKS. THIS MEANS YOU WILL NEVER KNOW IF IT    !
!    DIES IN PRODUCTION, WHICH MEANS YOU WILL NEVER KNOW IF YOU'RE LETTING     !
!     YOUR USERS DOWN. YOU SHOULD ADD A HEALTHCHECK FOR EACH DEPENDENCY OF     !
!     YOUR SERVICE WHICH FULLY (BUT LIGHTLY) TESTS YOUR SERVICE'S ABILITY TO   !
!      USE THAT SERVICE. THINK OF IT AS A CONTINUOUS INTEGRATION TEST.         !
!!!!!!!!!!!!!!!!!!!!!!!!!!!!!!!!!!!!!!!!!!!!!!!!!!!!!!!!!!!!!!!!!!!!!!!!!!!!!!!!
!!!!!!!!!!!!!!!!!!!!!!!!!!!!!!!!!!!!!!!!!!!!!!!!!!!!!!!!!!!!!!!!!!!!!!!!!!!!!!!!
INFO  [2014-04-07 00:31:52,525] com.yammer.dropwizard.cli.ServerCommand: Starting library-service
INFO  [2014-04-07 00:31:52,532] org.eclipse.jetty.server.Server: jetty-8.1.10.v20130312
INFO  [2014-04-07 00:31:52,817] com.sun.jersey.server.impl.application.WebApplicationImpl: Initiating Jersey application, version 'Jersey: 1.17.1 02/28/2013 12:47 PM'
INFO  [2014-04-07 00:31:53,046] com.yammer.dropwizard.config.Environment: The following paths were found for the configured resources:

    DELETE  /library/v1/books/{isbn} (edu.sjsu.cmpe.library.api.resources.BookResource)
    GET     /library/v1/books/ (edu.sjsu.cmpe.library.api.resources.BookResource)
    GET     /library/v1/books/{isbn} (edu.sjsu.cmpe.library.api.resources.BookResource)
    POST    /library/v1/books (edu.sjsu.cmpe.library.api.resources.BookResource)
    PUT     /library/v1/books/{isbn} (edu.sjsu.cmpe.library.api.resources.BookResource)
    GET     /library/ (edu.sjsu.cmpe.library.ui.resources.HomeResource)
    GET     /library/v1/ (edu.sjsu.cmpe.library.api.resources.RootResource)

INFO  [2014-04-07 00:31:53,047] com.yammer.dropwizard.config.Environment: tasks = 

    POST    /tasks/gc (com.yammer.dropwizard.tasks.GarbageCollectionTask)

WARN  [2014-04-07 00:31:53,911] com.sun.jersey.spi.inject.Errors: The following warnings have been detected with resource and/or provider classes:
  WARNING: A sub-resource method, public edu.sjsu.cmpe.library.dto.BooksDto edu.sjsu.cmpe.library.api.resources.BookResource.getAllBooks(), with URI template, "/", is treated as a resource method
INFO  [2014-04-07 00:31:53,931] org.eclipse.jetty.server.AbstractConnector: Started InstrumentedBlockingChannelConnector@0.0.0.0:8001
WARN  [2014-04-07 00:31:53,973] org.eclipse.jetty.server.AbstractConnector: insufficient threads configured for SocketConnector@0.0.0.0:9001
INFO  [2014-04-07 00:31:53,974] org.eclipse.jetty.server.AbstractConnector: Started SocketConnector@0.0.0.0:9001
DEBUG [2014-04-07 00:34:55,469] edu.sjsu.cmpe.library.LibraryService: library-a - Queue name is /queue/38622.book.orders. Topic name is /topic/38622.book.*
INFO  [2014-04-07 00:34:55,475] edu.sjsu.cmpe.library.LibraryService: library-a - Queue name is /queue/38622.book.orders. Topic name is /topic/38622.book.*
DEBUG [2014-04-07 00:34:55,910] edu.sjsu.cmpe.library.LibraryService: library-a - Apollo user name  is admin
DEBUG [2014-04-07 00:34:55,910] edu.sjsu.cmpe.library.LibraryService: library-a - Apollo password   is password
DEBUG [2014-04-07 00:34:55,910] edu.sjsu.cmpe.library.LibraryService: library-a - Apollo host name   is 54.215.133.131
DEBUG [2014-04-07 00:34:55,910] edu.sjsu.cmpe.library.LibraryService: library-a - Apollo port   is 61613
WARN  [2014-04-07 00:34:55,966] com.yammer.dropwizard.config.ServerFactory: 
!!!!!!!!!!!!!!!!!!!!!!!!!!!!!!!!!!!!!!!!!!!!!!!!!!!!!!!!!!!!!!!!!!!!!!!!!!!!!!!!
!!!!!!!!!!!!!!!!!!!!!!!!!!!!!!!!!!!!!!!!!!!!!!!!!!!!!!!!!!!!!!!!!!!!!!!!!!!!!!!!
!    THIS SERVICE HAS NO HEALTHCHECKS. THIS MEANS YOU WILL NEVER KNOW IF IT    !
!    DIES IN PRODUCTION, WHICH MEANS YOU WILL NEVER KNOW IF YOU'RE LETTING     !
!     YOUR USERS DOWN. YOU SHOULD ADD A HEALTHCHECK FOR EACH DEPENDENCY OF     !
!     YOUR SERVICE WHICH FULLY (BUT LIGHTLY) TESTS YOUR SERVICE'S ABILITY TO   !
!      USE THAT SERVICE. THINK OF IT AS A CONTINUOUS INTEGRATION TEST.         !
!!!!!!!!!!!!!!!!!!!!!!!!!!!!!!!!!!!!!!!!!!!!!!!!!!!!!!!!!!!!!!!!!!!!!!!!!!!!!!!!
!!!!!!!!!!!!!!!!!!!!!!!!!!!!!!!!!!!!!!!!!!!!!!!!!!!!!!!!!!!!!!!!!!!!!!!!!!!!!!!!
INFO  [2014-04-07 00:34:56,202] com.yammer.dropwizard.cli.ServerCommand: Starting library-service
INFO  [2014-04-07 00:34:56,208] org.eclipse.jetty.server.Server: jetty-8.1.10.v20130312
INFO  [2014-04-07 00:34:56,480] com.sun.jersey.server.impl.application.WebApplicationImpl: Initiating Jersey application, version 'Jersey: 1.17.1 02/28/2013 12:47 PM'
INFO  [2014-04-07 00:34:56,699] com.yammer.dropwizard.config.Environment: The following paths were found for the configured resources:

    DELETE  /library/v1/books/{isbn} (edu.sjsu.cmpe.library.api.resources.BookResource)
    GET     /library/v1/books/ (edu.sjsu.cmpe.library.api.resources.BookResource)
    GET     /library/v1/books/{isbn} (edu.sjsu.cmpe.library.api.resources.BookResource)
    POST    /library/v1/books (edu.sjsu.cmpe.library.api.resources.BookResource)
    PUT     /library/v1/books/{isbn} (edu.sjsu.cmpe.library.api.resources.BookResource)
    GET     /library/ (edu.sjsu.cmpe.library.ui.resources.HomeResource)
    GET     /library/v1/ (edu.sjsu.cmpe.library.api.resources.RootResource)

INFO  [2014-04-07 00:34:56,699] com.yammer.dropwizard.config.Environment: tasks = 

    POST    /tasks/gc (com.yammer.dropwizard.tasks.GarbageCollectionTask)

WARN  [2014-04-07 00:34:57,513] com.sun.jersey.spi.inject.Errors: The following warnings have been detected with resource and/or provider classes:
  WARNING: A sub-resource method, public edu.sjsu.cmpe.library.dto.BooksDto edu.sjsu.cmpe.library.api.resources.BookResource.getAllBooks(), with URI template, "/", is treated as a resource method
INFO  [2014-04-07 00:34:57,537] org.eclipse.jetty.server.AbstractConnector: Started InstrumentedBlockingChannelConnector@0.0.0.0:8001
INFO  [2014-04-07 00:34:57,546] org.eclipse.jetty.server.AbstractConnector: Started SocketConnector@0.0.0.0:9001
DEBUG [2014-04-07 00:36:30,620] edu.sjsu.cmpe.library.LibraryService: library-a - Queue name is /queue/38622.book.orders. Topic name is /topic/38622.book.*
INFO  [2014-04-07 00:36:30,626] edu.sjsu.cmpe.library.LibraryService: library-a - Queue name is /queue/38622.book.orders. Topic name is /topic/38622.book.*
DEBUG [2014-04-07 00:36:31,097] edu.sjsu.cmpe.library.LibraryService: library-a - Apollo user name  is admin
DEBUG [2014-04-07 00:36:31,097] edu.sjsu.cmpe.library.LibraryService: library-a - Apollo password   is password
DEBUG [2014-04-07 00:36:31,098] edu.sjsu.cmpe.library.LibraryService: library-a - Apollo host name   is 54.215.133.131
DEBUG [2014-04-07 00:36:31,098] edu.sjsu.cmpe.library.LibraryService: library-a - Apollo port   is 61613
WARN  [2014-04-07 00:36:31,156] com.yammer.dropwizard.config.ServerFactory: 
!!!!!!!!!!!!!!!!!!!!!!!!!!!!!!!!!!!!!!!!!!!!!!!!!!!!!!!!!!!!!!!!!!!!!!!!!!!!!!!!
!!!!!!!!!!!!!!!!!!!!!!!!!!!!!!!!!!!!!!!!!!!!!!!!!!!!!!!!!!!!!!!!!!!!!!!!!!!!!!!!
!    THIS SERVICE HAS NO HEALTHCHECKS. THIS MEANS YOU WILL NEVER KNOW IF IT    !
!    DIES IN PRODUCTION, WHICH MEANS YOU WILL NEVER KNOW IF YOU'RE LETTING     !
!     YOUR USERS DOWN. YOU SHOULD ADD A HEALTHCHECK FOR EACH DEPENDENCY OF     !
!     YOUR SERVICE WHICH FULLY (BUT LIGHTLY) TESTS YOUR SERVICE'S ABILITY TO   !
!      USE THAT SERVICE. THINK OF IT AS A CONTINUOUS INTEGRATION TEST.         !
!!!!!!!!!!!!!!!!!!!!!!!!!!!!!!!!!!!!!!!!!!!!!!!!!!!!!!!!!!!!!!!!!!!!!!!!!!!!!!!!
!!!!!!!!!!!!!!!!!!!!!!!!!!!!!!!!!!!!!!!!!!!!!!!!!!!!!!!!!!!!!!!!!!!!!!!!!!!!!!!!
INFO  [2014-04-07 00:36:31,393] com.yammer.dropwizard.cli.ServerCommand: Starting library-service
INFO  [2014-04-07 00:36:31,400] org.eclipse.jetty.server.Server: jetty-8.1.10.v20130312
INFO  [2014-04-07 00:36:31,670] com.sun.jersey.server.impl.application.WebApplicationImpl: Initiating Jersey application, version 'Jersey: 1.17.1 02/28/2013 12:47 PM'
INFO  [2014-04-07 00:36:31,904] com.yammer.dropwizard.config.Environment: The following paths were found for the configured resources:

    DELETE  /library/v1/books/{isbn} (edu.sjsu.cmpe.library.api.resources.BookResource)
    GET     /library/v1/books/ (edu.sjsu.cmpe.library.api.resources.BookResource)
    GET     /library/v1/books/{isbn} (edu.sjsu.cmpe.library.api.resources.BookResource)
    POST    /library/v1/books (edu.sjsu.cmpe.library.api.resources.BookResource)
    PUT     /library/v1/books/{isbn} (edu.sjsu.cmpe.library.api.resources.BookResource)
    GET     /library/ (edu.sjsu.cmpe.library.ui.resources.HomeResource)
    GET     /library/v1/ (edu.sjsu.cmpe.library.api.resources.RootResource)

INFO  [2014-04-07 00:36:31,905] com.yammer.dropwizard.config.Environment: tasks = 

    POST    /tasks/gc (com.yammer.dropwizard.tasks.GarbageCollectionTask)

WARN  [2014-04-07 00:36:32,738] com.sun.jersey.spi.inject.Errors: The following warnings have been detected with resource and/or provider classes:
  WARNING: A sub-resource method, public edu.sjsu.cmpe.library.dto.BooksDto edu.sjsu.cmpe.library.api.resources.BookResource.getAllBooks(), with URI template, "/", is treated as a resource method
INFO  [2014-04-07 00:36:32,752] org.eclipse.jetty.server.AbstractConnector: Started InstrumentedBlockingChannelConnector@0.0.0.0:8001
INFO  [2014-04-07 00:36:32,759] org.eclipse.jetty.server.AbstractConnector: Started SocketConnector@0.0.0.0:9001
DEBUG [2014-04-07 01:10:44,746] edu.sjsu.cmpe.library.LibraryService: library-a - Queue name is /queue/38622.book.orders. Topic name is /topic/38622.book.*
INFO  [2014-04-07 01:10:44,753] edu.sjsu.cmpe.library.LibraryService: library-a - Queue name is /queue/38622.book.orders. Topic name is /topic/38622.book.*
DEBUG [2014-04-07 01:10:45,235] edu.sjsu.cmpe.library.LibraryService: library-a - Apollo user name  is admin
DEBUG [2014-04-07 01:10:45,235] edu.sjsu.cmpe.library.LibraryService: library-a - Apollo password   is password
DEBUG [2014-04-07 01:10:45,235] edu.sjsu.cmpe.library.LibraryService: library-a - Apollo host name   is 54.215.133.131
DEBUG [2014-04-07 01:10:45,235] edu.sjsu.cmpe.library.LibraryService: library-a - Apollo port   is 61613
WARN  [2014-04-07 01:10:45,343] com.yammer.dropwizard.config.ServerFactory: 
!!!!!!!!!!!!!!!!!!!!!!!!!!!!!!!!!!!!!!!!!!!!!!!!!!!!!!!!!!!!!!!!!!!!!!!!!!!!!!!!
!!!!!!!!!!!!!!!!!!!!!!!!!!!!!!!!!!!!!!!!!!!!!!!!!!!!!!!!!!!!!!!!!!!!!!!!!!!!!!!!
!    THIS SERVICE HAS NO HEALTHCHECKS. THIS MEANS YOU WILL NEVER KNOW IF IT    !
!    DIES IN PRODUCTION, WHICH MEANS YOU WILL NEVER KNOW IF YOU'RE LETTING     !
!     YOUR USERS DOWN. YOU SHOULD ADD A HEALTHCHECK FOR EACH DEPENDENCY OF     !
!     YOUR SERVICE WHICH FULLY (BUT LIGHTLY) TESTS YOUR SERVICE'S ABILITY TO   !
!      USE THAT SERVICE. THINK OF IT AS A CONTINUOUS INTEGRATION TEST.         !
!!!!!!!!!!!!!!!!!!!!!!!!!!!!!!!!!!!!!!!!!!!!!!!!!!!!!!!!!!!!!!!!!!!!!!!!!!!!!!!!
!!!!!!!!!!!!!!!!!!!!!!!!!!!!!!!!!!!!!!!!!!!!!!!!!!!!!!!!!!!!!!!!!!!!!!!!!!!!!!!!
INFO  [2014-04-07 01:10:45,584] com.yammer.dropwizard.cli.ServerCommand: Starting library-service
INFO  [2014-04-07 01:10:45,595] org.eclipse.jetty.server.Server: jetty-8.1.10.v20130312
INFO  [2014-04-07 01:10:45,887] com.sun.jersey.server.impl.application.WebApplicationImpl: Initiating Jersey application, version 'Jersey: 1.17.1 02/28/2013 12:47 PM'
INFO  [2014-04-07 01:10:46,148] com.yammer.dropwizard.config.Environment: The following paths were found for the configured resources:

    DELETE  /library/v1/books/{isbn} (edu.sjsu.cmpe.library.api.resources.BookResource)
    GET     /library/v1/books/ (edu.sjsu.cmpe.library.api.resources.BookResource)
    GET     /library/v1/books/{isbn} (edu.sjsu.cmpe.library.api.resources.BookResource)
    POST    /library/v1/books (edu.sjsu.cmpe.library.api.resources.BookResource)
    PUT     /library/v1/books/{isbn} (edu.sjsu.cmpe.library.api.resources.BookResource)
    GET     /library/ (edu.sjsu.cmpe.library.ui.resources.HomeResource)
    GET     /library/v1/ (edu.sjsu.cmpe.library.api.resources.RootResource)

INFO  [2014-04-07 01:10:46,149] com.yammer.dropwizard.config.Environment: tasks = 

    POST    /tasks/gc (com.yammer.dropwizard.tasks.GarbageCollectionTask)

WARN  [2014-04-07 01:10:47,029] com.sun.jersey.spi.inject.Errors: The following warnings have been detected with resource and/or provider classes:
  WARNING: A sub-resource method, public edu.sjsu.cmpe.library.dto.BooksDto edu.sjsu.cmpe.library.api.resources.BookResource.getAllBooks(), with URI template, "/", is treated as a resource method
INFO  [2014-04-07 01:10:47,044] org.eclipse.jetty.server.AbstractConnector: Started InstrumentedBlockingChannelConnector@0.0.0.0:8001
INFO  [2014-04-07 01:10:47,053] org.eclipse.jetty.server.AbstractConnector: Started SocketConnector@0.0.0.0:9001
DEBUG [2014-04-07 02:54:11,552] edu.sjsu.cmpe.library.LibraryService: library-a - Queue name is /queue/38622.book.orders. Topic name is /topic/38622.book.*
INFO  [2014-04-07 02:54:11,554] edu.sjsu.cmpe.library.LibraryService: library-a - Queue name is /queue/38622.book.orders. Topic name is /topic/38622.book.*
DEBUG [2014-04-07 02:54:11,747] edu.sjsu.cmpe.library.LibraryService: library-a - Apollo user name  is admin
DEBUG [2014-04-07 02:54:11,747] edu.sjsu.cmpe.library.LibraryService: library-a - Apollo password   is password
DEBUG [2014-04-07 02:54:11,747] edu.sjsu.cmpe.library.LibraryService: library-a - Apollo host name   is 54.215.133.131
DEBUG [2014-04-07 02:54:11,747] edu.sjsu.cmpe.library.LibraryService: library-a - Apollo port   is 61613
WARN  [2014-04-07 02:54:11,770] com.yammer.dropwizard.config.ServerFactory: 
!!!!!!!!!!!!!!!!!!!!!!!!!!!!!!!!!!!!!!!!!!!!!!!!!!!!!!!!!!!!!!!!!!!!!!!!!!!!!!!!
!!!!!!!!!!!!!!!!!!!!!!!!!!!!!!!!!!!!!!!!!!!!!!!!!!!!!!!!!!!!!!!!!!!!!!!!!!!!!!!!
!    THIS SERVICE HAS NO HEALTHCHECKS. THIS MEANS YOU WILL NEVER KNOW IF IT    !
!    DIES IN PRODUCTION, WHICH MEANS YOU WILL NEVER KNOW IF YOU'RE LETTING     !
!     YOUR USERS DOWN. YOU SHOULD ADD A HEALTHCHECK FOR EACH DEPENDENCY OF     !
!     YOUR SERVICE WHICH FULLY (BUT LIGHTLY) TESTS YOUR SERVICE'S ABILITY TO   !
!      USE THAT SERVICE. THINK OF IT AS A CONTINUOUS INTEGRATION TEST.         !
!!!!!!!!!!!!!!!!!!!!!!!!!!!!!!!!!!!!!!!!!!!!!!!!!!!!!!!!!!!!!!!!!!!!!!!!!!!!!!!!
!!!!!!!!!!!!!!!!!!!!!!!!!!!!!!!!!!!!!!!!!!!!!!!!!!!!!!!!!!!!!!!!!!!!!!!!!!!!!!!!
INFO  [2014-04-07 02:54:11,842] com.yammer.dropwizard.cli.ServerCommand: Starting library-service
INFO  [2014-04-07 02:54:11,844] org.eclipse.jetty.server.Server: jetty-8.1.10.v20130312
INFO  [2014-04-07 02:54:11,938] com.sun.jersey.server.impl.application.WebApplicationImpl: Initiating Jersey application, version 'Jersey: 1.17.1 02/28/2013 12:47 PM'
INFO  [2014-04-07 02:54:12,008] com.yammer.dropwizard.config.Environment: The following paths were found for the configured resources:

    DELETE  /library/v1/books/{isbn} (edu.sjsu.cmpe.library.api.resources.BookResource)
    GET     /library/v1/books/ (edu.sjsu.cmpe.library.api.resources.BookResource)
    GET     /library/v1/books/{isbn} (edu.sjsu.cmpe.library.api.resources.BookResource)
    POST    /library/v1/books (edu.sjsu.cmpe.library.api.resources.BookResource)
    PUT     /library/v1/books/{isbn} (edu.sjsu.cmpe.library.api.resources.BookResource)
    GET     /library/ (edu.sjsu.cmpe.library.ui.resources.HomeResource)
    GET     /library/v1/ (edu.sjsu.cmpe.library.api.resources.RootResource)

INFO  [2014-04-07 02:54:12,009] com.yammer.dropwizard.config.Environment: tasks = 

    POST    /tasks/gc (com.yammer.dropwizard.tasks.GarbageCollectionTask)

WARN  [2014-04-07 02:54:12,278] com.sun.jersey.spi.inject.Errors: The following warnings have been detected with resource and/or provider classes:
  WARNING: A sub-resource method, public edu.sjsu.cmpe.library.dto.BooksDto edu.sjsu.cmpe.library.api.resources.BookResource.getAllBooks(), with URI template, "/", is treated as a resource method
INFO  [2014-04-07 02:54:12,283] org.eclipse.jetty.server.AbstractConnector: Started InstrumentedBlockingChannelConnector@0.0.0.0:8001
INFO  [2014-04-07 02:54:12,285] org.eclipse.jetty.server.AbstractConnector: Started SocketConnector@0.0.0.0:9001
